CompileCommand: exclude com/intellij/openapi/vfs/impl/FilePartNodeRoot.trieDescend bool exclude = true
Debug | ByteBufferAsyncProcessor  | 49:DefaultDispatcher-worker-34 | PAUSE ('Socket not connected') :: {id = EarlyStartServerWire/Sender, state = 'Initialized'} 
Debug | Server                    | 63:EarlyStartServerWire | EarlyStartServerWire: listening /127.0.0.1:46361 
Installation home directory: file:////usr/share/rider
System directory: file:////home/iuridev26/.cache/JetBrains/Rider2024.1
Config directory: file:////home/iuridev26/.config/JetBrains/Rider2024.1
Log directory: file:////home/iuridev26/.cache/JetBrains/Rider2024.1/log
2024-04-12 16:05:20,682 [   1600]   WARN - #c.i.s.ComponentManagerImpl - com.jetbrains.rider.diagnostics.LogTraceScenarios <clinit> requests com.jetbrains.rd.platform.diagnostics.LogTraceScenariosRegistry instance. Class initialization must not depend on services. Consider using instance of the service on-demand instead.
2024-04-12 16:05:20,829 [   1747]   WARN - #c.i.n.i.NotificationGroupManagerImpl - Notification group BackendProfiling is already registered (group=com.intellij.notification.NotificationGroup@74df8bc9). Plugin descriptor: PluginDescriptor(name=Dynamic Program Analysis, id=com.jetbrains.dpa, descriptorPath=plugin.xml, path=/usr/share/rider/plugins/dpa, version=241.14494.307, package=null, isBundled=true)
2024-04-12 16:05:25,353 [   6271]   WARN - #c.i.s.ComponentManagerImpl - com.jetbrains.rdclient.notifications.NotificationsHost <clinit> requests com.intellij.ide.plugins.PluginUtil instance. Class initialization must not depend on services. Consider using instance of the service on-demand instead.
2024-04-12 16:05:26,486 [   7404]   WARN - #c.i.s.ComponentManagerImpl - com.maddyhome.idea.vim.api.Options <clinit> requests com.maddyhome.idea.vim.api.SystemInfoService instance. Class initialization must not depend on services. Consider using instance of the service on-demand instead.
2024-04-12 16:05:27,765 [   8683] SEVERE - #c.i.d.PerformanceWatcherImpl - UI was frozen for 3170ms, details saved to /home/iuridev26/.cache/JetBrains/Rider2024.1/log/threadDumps-freeze-20240412-160525-RD-241.14494.307-EventDispatchThread.pumpOneEventForFilters-3sec
java.lang.Throwable: UI was frozen for 3170ms, details saved to /home/iuridev26/.cache/JetBrains/Rider2024.1/log/threadDumps-freeze-20240412-160525-RD-241.14494.307-EventDispatchThread.pumpOneEventForFilters-3sec
	at com.intellij.openapi.diagnostic.Logger.error(Logger.java:376)
	at com.intellij.diagnostic.PerformanceWatcherImplKt.postProcessReportFolder(PerformanceWatcherImpl.kt:450)
	at com.intellij.diagnostic.PerformanceWatcherImplKt.access$postProcessReportFolder(PerformanceWatcherImpl.kt:1)
	at com.intellij.diagnostic.PerformanceWatcherImpl$FreezeCheckerTask$stopFreezeReporting$1.invokeSuspend(PerformanceWatcherImpl.kt:375)
	at kotlin.coroutines.jvm.internal.BaseContinuationImpl.resumeWith(ContinuationImpl.kt:33)
	at kotlinx.coroutines.DispatchedTask.run(DispatchedTask.kt:108)
	at kotlinx.coroutines.scheduling.CoroutineScheduler.runSafely(CoroutineScheduler.kt:584)
	at kotlinx.coroutines.scheduling.CoroutineScheduler$Worker.executeTask(CoroutineScheduler.kt:793)
	at kotlinx.coroutines.scheduling.CoroutineScheduler$Worker.runWorker(CoroutineScheduler.kt:697)
	at kotlinx.coroutines.scheduling.CoroutineScheduler$Worker.run(CoroutineScheduler.kt:684)
2024-04-12 16:05:27,809 [   8727] SEVERE - #c.i.d.PerformanceWatcherImpl - JetBrains Rider 2024.1  Build #RD-241.14494.307
2024-04-12 16:05:27,809 [   8727] SEVERE - #c.i.d.PerformanceWatcherImpl - JDK: 17.0.10; VM: OpenJDK 64-Bit Server VM; Vendor: JetBrains s.r.o.
2024-04-12 16:05:27,809 [   8727] SEVERE - #c.i.d.PerformanceWatcherImpl - OS: Linux
2024-04-12 16:05:30,783 [  11701] SEVERE - #c.i.d.PerformanceWatcherImpl - UI was frozen for 1583ms, details saved to /home/iuridev26/.cache/JetBrains/Rider2024.1/log/threadDumps-freeze-20240412-160530-RD-241.14494.307-Unsafe.park-1sec
java.lang.Throwable: UI was frozen for 1583ms, details saved to /home/iuridev26/.cache/JetBrains/Rider2024.1/log/threadDumps-freeze-20240412-160530-RD-241.14494.307-Unsafe.park-1sec
	at com.intellij.openapi.diagnostic.Logger.error(Logger.java:376)
	at com.intellij.diagnostic.PerformanceWatcherImplKt.postProcessReportFolder(PerformanceWatcherImpl.kt:450)
	at com.intellij.diagnostic.PerformanceWatcherImplKt.access$postProcessReportFolder(PerformanceWatcherImpl.kt:1)
	at com.intellij.diagnostic.PerformanceWatcherImpl$FreezeCheckerTask$stopFreezeReporting$1.invokeSuspend(PerformanceWatcherImpl.kt:375)
	at kotlin.coroutines.jvm.internal.BaseContinuationImpl.resumeWith(ContinuationImpl.kt:33)
	at kotlinx.coroutines.DispatchedTask.run(DispatchedTask.kt:108)
	at kotlinx.coroutines.scheduling.CoroutineScheduler.runSafely(CoroutineScheduler.kt:584)
	at kotlinx.coroutines.scheduling.CoroutineScheduler$Worker.executeTask(CoroutineScheduler.kt:793)
	at kotlinx.coroutines.scheduling.CoroutineScheduler$Worker.runWorker(CoroutineScheduler.kt:697)
	at kotlinx.coroutines.scheduling.CoroutineScheduler$Worker.run(CoroutineScheduler.kt:684)
2024-04-12 16:05:30,789 [  11707] SEVERE - #c.i.d.PerformanceWatcherImpl - JetBrains Rider 2024.1  Build #RD-241.14494.307
2024-04-12 16:05:30,791 [  11709] SEVERE - #c.i.d.PerformanceWatcherImpl - JDK: 17.0.10; VM: OpenJDK 64-Bit Server VM; Vendor: JetBrains s.r.o.
2024-04-12 16:05:30,791 [  11709] SEVERE - #c.i.d.PerformanceWatcherImpl - OS: Linux
2024-04-12 16:05:30,842 [  11760]   WARN - #c.i.s.SpellCheckerManager - Couldn't load dictionary unity.dic with loader 'class com.jetbrains.rider.plugins.unity.spellchecker.UnityBundledDictionaryProvider'
2024-04-12 16:06:19,905 [  60823]   WARN - #c.i.u.x.Binding - No accessors for com.intellij.toolWindow.ToolWindowLayoutStorageManagerState. This means that state class cannot be serialized properly. Please see https://jb.gg/ij-psoc
2024-04-12 16:06:43,153 [  84071]   WARN - #c.j.r.e.RiderTextControlHost - file null doesn't exist
2024-04-12 16:06:56,776 [  97694]   WARN - #git4idea.annotate.GitAnnotationProvider - Computing annotations for implicitly passed HEAD revision
2024-04-12 16:06:56,801 [  97719]   WARN - #c.j.r.c.v.VcsEditorAnnotationsCacheService - Can't get annotations from VCS
com.intellij.openapi.vcs.VcsException: fatal: no such path Phoenix/Phoenix.Infrastructure/EntitiesConfiguration/ProdutoConfiguration.cs in HEAD

	at git4idea.commands.GitBinaryHandler$1.processTerminated(GitBinaryHandler.java:143)
	at jdk.internal.reflect.GeneratedMethodAccessor108.invoke(Unknown Source)
	at java.base/jdk.internal.reflect.DelegatingMethodAccessorImpl.invoke(DelegatingMethodAccessorImpl.java:43)
	at java.base/java.lang.reflect.Method.invoke(Method.java:568)
	at com.intellij.util.EventDispatcher.dispatchVoidMethod(EventDispatcher.java:119)
	at com.intellij.util.EventDispatcher.lambda$createMulticaster$1(EventDispatcher.java:84)
	at jdk.proxy2/jdk.proxy2.$Proxy119.processTerminated(Unknown Source)
	at git4idea.commands.GitBinaryHandler.waitForProcess(GitBinaryHandler.java:108)
	at git4idea.commands.GitHandler.runInCurrentThread(GitHandler.java:415)
	at git4idea.commands.GitBinaryHandler.run(GitBinaryHandler.java:165)
	at git4idea.annotate.GitAnnotationProvider$DefaultGitAnnotationProvider.annotate(GitAnnotationProvider.java:254)
	at git4idea.annotate.GitAnnotationService$annotateWithProvider$2$1$1.invoke(GitAnnotationService.kt:115)
	at git4idea.annotate.GitAnnotationService$annotateWithProvider$2$1$1.invoke(GitAnnotationService.kt:115)
	at com.intellij.openapi.progress.CoroutinesKt.jobToIndicator$lambda$2(coroutines.kt:422)
	at com.intellij.openapi.progress.ProgressManager.lambda$runProcess$0(ProgressManager.java:100)
	at com.intellij.openapi.progress.impl.CoreProgressManager.lambda$runProcess$2(CoreProgressManager.java:217)
	at com.intellij.openapi.progress.impl.CoreProgressManager.lambda$executeProcessUnderProgress$13(CoreProgressManager.java:660)
	at com.intellij.openapi.progress.impl.CoreProgressManager.registerIndicatorAndRun(CoreProgressManager.java:735)
	at com.intellij.openapi.progress.impl.CoreProgressManager.computeUnderProgress(CoreProgressManager.java:691)
	at com.intellij.openapi.progress.impl.CoreProgressManager.executeProcessUnderProgress(CoreProgressManager.java:659)
	at com.intellij.openapi.progress.impl.ProgressManagerImpl.executeProcessUnderProgress(ProgressManagerImpl.java:79)
	at com.intellij.openapi.progress.impl.CoreProgressManager.runProcess(CoreProgressManager.java:202)
	at com.intellij.openapi.progress.ProgressManager.runProcess(ProgressManager.java:100)
	at com.intellij.openapi.progress.CoroutinesKt.jobToIndicator(coroutines.kt:410)
	at com.intellij.openapi.progress.CoroutinesKt.contextToIndicator(coroutines.kt:402)
	at com.intellij.openapi.progress.CoroutinesKt.coroutineToIndicator(coroutines.kt:350)
	at git4idea.annotate.GitAnnotationService.annotateWithProvider(GitAnnotationService.kt:115)
	at git4idea.annotate.GitAnnotationService.annotateWithSingleProvider(GitAnnotationService.kt:58)
	at git4idea.annotate.GitAnnotationService.access$annotateWithSingleProvider(GitAnnotationService.kt:26)
	at git4idea.annotate.GitAnnotationService$annotate$1.invokeSuspend(GitAnnotationService.kt:44)
	at kotlin.coroutines.jvm.internal.BaseContinuationImpl.resumeWith(ContinuationImpl.kt:33)
	at kotlinx.coroutines.DispatchedTask.run(DispatchedTask.kt:108)
	at kotlinx.coroutines.EventLoopImplBase.processNextEvent(EventLoop.common.kt:280)
	at kotlinx.coroutines.BlockingCoroutine.joinBlocking(Builders.kt:85)
	at kotlinx.coroutines.BuildersKt__BuildersKt.runBlocking(Builders.kt:59)
	at kotlinx.coroutines.BuildersKt.runBlocking(Unknown Source)
	at com.intellij.openapi.progress.CoroutinesKt$runBlockingCancellable$1.invoke(coroutines.kt:132)
	at com.intellij.openapi.progress.CoroutinesKt$runBlockingCancellable$1.invoke(coroutines.kt:126)
	at com.intellij.openapi.progress.ContextKt.prepareIndicatorThreadContext$lambda$5(context.kt:107)
	at com.intellij.openapi.progress.impl.CoreProgressManager.silenceGlobalIndicator(CoreProgressManager.java:1022)
	at com.intellij.openapi.progress.ContextKt.prepareIndicatorThreadContext(context.kt:105)
	at com.intellij.openapi.progress.ContextKt.prepareThreadContext(context.kt:75)
	at com.intellij.openapi.progress.CoroutinesKt.runBlockingCancellable(coroutines.kt:126)
	at com.intellij.openapi.progress.CoroutinesKt.runBlockingCancellable(coroutines.kt:121)
	at git4idea.annotate.GitAnnotationService.annotate(GitAnnotationService.kt:38)
	at git4idea.annotate.GitAnnotationProvider.doAnnotate(GitAnnotationProvider.java:206)
	at git4idea.annotate.GitAnnotationProvider.annotate(GitAnnotationProvider.java:144)
	at git4idea.annotate.GitAnnotationProvider.lambda$annotate$0(GitAnnotationProvider.java:99)
	at git4idea.annotate.GitAnnotationProvider.logTime(GitAnnotationProvider.java:569)
	at git4idea.annotate.GitAnnotationProvider.annotate(GitAnnotationProvider.java:92)
	at git4idea.annotate.GitAnnotationProvider.annotate(GitAnnotationProvider.java:87)
	at com.jetbrains.rider.codeVision.vcs.VcsEditorAnnotationsCacheService.getAnnotationsForEditor(VcsEditorAnnotationsCacheService.kt:68)
	at com.jetbrains.rider.codeVision.vcs.VcsAuthorCodeVisionProvider.computeForEditor(VcsAuthorCodeVisionProvider.kt:105)
	at com.jetbrains.rider.codeVision.vcs.VcsAuthorCodeVisionProvider.computeForEditor(VcsAuthorCodeVisionProvider.kt:35)
	at com.intellij.codeInsight.codeVision.CodeVisionProvider.computeCodeVision(CodeVisionProvider.kt:68)
	at com.intellij.codeInsight.codeVision.CodeVisionHost$calculateFrontendLenses$2.invoke(CodeVisionHost.kt:453)
	at com.intellij.codeInsight.codeVision.CodeVisionHost$calculateFrontendLenses$2.invoke(CodeVisionHost.kt:423)
	at com.intellij.codeInsight.codeVision.CodeVisionHost.executeOnPooledThread$lambda$11$lambda$10(CodeVisionHost.kt:495)
	at com.intellij.openapi.progress.impl.CoreProgressManager.lambda$runProcess$2(CoreProgressManager.java:217)
	at com.intellij.openapi.progress.impl.CoreProgressManager.lambda$executeProcessUnderProgress$13(CoreProgressManager.java:660)
	at com.intellij.openapi.progress.impl.CoreProgressManager.registerIndicatorAndRun(CoreProgressManager.java:735)
	at com.intellij.openapi.progress.impl.CoreProgressManager.computeUnderProgress(CoreProgressManager.java:691)
	at com.intellij.openapi.progress.impl.CoreProgressManager.executeProcessUnderProgress(CoreProgressManager.java:659)
	at com.intellij.openapi.progress.impl.ProgressManagerImpl.executeProcessUnderProgress(ProgressManagerImpl.java:79)
	at com.intellij.openapi.progress.impl.CoreProgressManager.runProcess(CoreProgressManager.java:202)
	at com.intellij.codeInsight.codeVision.CodeVisionHost.executeOnPooledThread$lambda$11(CodeVisionHost.kt:495)
	at java.base/java.util.concurrent.CompletableFuture$AsyncRun.run(CompletableFuture.java:1804)
	at com.intellij.util.concurrency.ContextRunnable.run(ContextRunnable.java:27)
	at java.base/java.util.concurrent.ThreadPoolExecutor.runWorker(ThreadPoolExecutor.java:1136)
	at java.base/java.util.concurrent.ThreadPoolExecutor$Worker.run(ThreadPoolExecutor.java:635)
	at java.base/java.util.concurrent.Executors$PrivilegedThreadFactory$1$1.run(Executors.java:702)
	at java.base/java.util.concurrent.Executors$PrivilegedThreadFactory$1$1.run(Executors.java:699)
	at java.base/java.security.AccessController.doPrivileged(AccessController.java:399)
	at java.base/java.util.concurrent.Executors$PrivilegedThreadFactory$1.run(Executors.java:699)
	at java.base/java.lang.Thread.run(Thread.java:840)
2024-04-12 16:07:24,976 [ 125894]   WARN - #c.j.r.p.RdConstants - An attempt to use null ClientId context value for per context entity. Returning 'localId.value'. Enable Trace category to investigate stack traces
2024-04-12 16:07:24,976 [ 125894]   WARN - #c.j.r.p.RdConstants - An attempt to use null ClientId context value for per context entity. Returning 'localId.value'. Enable Trace category to investigate stack traces
2024-04-12 16:07:41,487 [ 142405]   WARN - #c.j.r.p.RdConstants - An attempt to use null ClientId context value for per context entity. Returning 'localId.value'. Enable Trace category to investigate stack traces
2024-04-12 16:07:41,487 [ 142405]   WARN - #c.j.r.p.RdConstants - An attempt to use null ClientId context value for per context entity. Returning 'localId.value'. Enable Trace category to investigate stack traces
2024-04-12 16:08:09,947 [ 170865]   WARN - #c.i.o.a.i.ActionToolbarImpl - 'LookupSummaryInfo' toolbar by default uses any focused component to update its actions. Toolbar actions that need local UI context would be incorrectly disabled. Please call toolbar.setTargetComponent() explicitly.
java.lang.Throwable: toolbar creation trace
	at com.intellij.openapi.actionSystem.impl.ActionToolbarImpl.<init>(ActionToolbarImpl.java:130)
	at com.intellij.openapi.actionSystem.impl.ActionManagerImplKt.createActionToolbarImpl(ActionManagerImpl.kt:1554)
	at com.intellij.openapi.actionSystem.impl.ActionManagerImplKt.access$createActionToolbarImpl(ActionManagerImpl.kt:1)
	at com.intellij.openapi.actionSystem.impl.ActionManagerImpl.createActionToolbar(ActionManagerImpl.kt:320)
	at com.intellij.openapi.actionSystem.impl.ActionManagerImpl.createActionToolbar(ActionManagerImpl.kt:304)
	at com.jetbrains.rider.completion.summaryInfo.ParameterInfoListView.o(ParameterInfoListView.kt:278)
	at com.jetbrains.rider.completion.summaryInfo.ParameterInfoListView.<init>(ParameterInfoListView.kt:230)
	at com.jetbrains.rider.completion.summaryInfo.RiderLookupSummaryInfosImpl.o(RiderLookupSummaryInfosImpl.kt:83)
	at com.jetbrains.rider.completion.summaryInfo.RiderLookupSummaryInfosImpl.access$showHint(RiderLookupSummaryInfosImpl.kt:25)
	at com.jetbrains.rider.completion.summaryInfo.RiderLookupSummaryInfosImpl$beginShowSummaryInfo$1.invoke(RiderLookupSummaryInfosImpl.kt:41)
	at com.jetbrains.rider.completion.summaryInfo.RiderLookupSummaryInfosImpl$beginShowSummaryInfo$1.invoke(RiderLookupSummaryInfosImpl.kt:40)
	at com.jetbrains.rider.completion.summaryInfo.RiderLookupSummaryInfosImpl$getSummaryInfo$1.invoke(RiderLookupSummaryInfosImpl.kt:69)
	at com.jetbrains.rider.completion.summaryInfo.RiderLookupSummaryInfosImpl$getSummaryInfo$1.invoke(RiderLookupSummaryInfosImpl.kt:53)
	at com.jetbrains.rd.framework.impl.RdTaskKt$startAndAdviseSuccess$1.invoke(RdTask.kt:24)
	at com.jetbrains.rd.framework.impl.RdTaskKt$startAndAdviseSuccess$1.invoke(RdTask.kt:23)
	at com.jetbrains.rd.util.reactive.Signal.fire(Signal.kt:32)
	at com.jetbrains.rd.util.reactive.WriteOnceProperty$WriteOnceSignal.fire(Property.kt:122)
	at com.jetbrains.rd.util.reactive.WriteOnceProperty.setIfEmpty(Property.kt:86)
	at com.jetbrains.rd.framework.impl.CallSiteWiredRdTask$onWireReceived$4.invoke(RdTask.kt:134)
	at com.jetbrains.rd.framework.impl.CallSiteWiredRdTask$onWireReceived$4.invoke(RdTask.kt:133)
	at com.jetbrains.rd.framework.MessageBroker$RdWireableDispatchHelper$doDispatch$2.invoke(MessageBroker.kt:122)
	at com.jetbrains.rd.framework.MessageBroker$RdWireableDispatchHelper$doDispatch$2.invoke(MessageBroker.kt:115)
	at com.jetbrains.rdclient.protocol.RdDispatcher.flushAll(RdDispatcher.kt:112)
	at com.jetbrains.rdclient.protocol.RdDispatcher.flushAllRunnable$lambda$0(RdDispatcher.kt:33)
	at com.intellij.openapi.application.TransactionGuardImpl.runWithWritingAllowed(TransactionGuardImpl.java:209)
	at com.intellij.openapi.application.TransactionGuardImpl.access$100(TransactionGuardImpl.java:22)
	at com.intellij.openapi.application.TransactionGuardImpl$1.run(TransactionGuardImpl.java:191)
	at com.intellij.openapi.application.impl.RwLockHolder.runIntendedWriteActionOnCurrentThread(RwLockHolder.kt:204)
	at com.intellij.openapi.application.impl.ApplicationImpl.runIntendedWriteActionOnCurrentThread(ApplicationImpl.java:830)
	at com.intellij.openapi.application.impl.ApplicationImpl$2.run(ApplicationImpl.java:419)
	at com.intellij.openapi.application.impl.RwLockHolder.runWithEnabledImplicitRead(RwLockHolder.kt:138)
	at com.intellij.openapi.application.impl.RwLockHolder.runWithImplicitRead(RwLockHolder.kt:129)
	at com.intellij.openapi.application.impl.ApplicationImpl.runWithImplicitRead(ApplicationImpl.java:1152)
	at com.intellij.openapi.application.impl.FlushQueue.doRun(FlushQueue.java:81)
	at com.intellij.openapi.application.impl.FlushQueue.runNextEvent(FlushQueue.java:123)
	at com.intellij.openapi.application.impl.FlushQueue.flushNow(FlushQueue.java:43)
	at java.desktop/java.awt.event.InvocationEvent.dispatch(InvocationEvent.java:318)
	at java.desktop/java.awt.EventQueue.dispatchEventImpl(EventQueue.java:792)
	at java.desktop/java.awt.EventQueue$3.run(EventQueue.java:739)
	at java.desktop/java.awt.EventQueue$3.run(EventQueue.java:733)
	at java.base/java.security.AccessController.doPrivileged(AccessController.java:399)
	at java.base/java.security.ProtectionDomain$JavaSecurityAccessImpl.doIntersectionPrivilege(ProtectionDomain.java:86)
	at java.desktop/java.awt.EventQueue.dispatchEvent(EventQueue.java:761)
	at com.intellij.ide.IdeEventQueue.defaultDispatchEvent(IdeEventQueue.kt:698)
	at com.intellij.ide.IdeEventQueue._dispatchEvent$lambda$12(IdeEventQueue.kt:593)
	at com.intellij.openapi.application.impl.RwLockHolder.runWithoutImplicitRead(RwLockHolder.kt:105)
	at com.intellij.ide.IdeEventQueue._dispatchEvent(IdeEventQueue.kt:593)
	at com.intellij.ide.IdeEventQueue.access$_dispatchEvent(IdeEventQueue.kt:77)
	at com.intellij.ide.IdeEventQueue$dispatchEvent$processEventRunnable$1$1$1.compute(IdeEventQueue.kt:362)
	at com.intellij.ide.IdeEventQueue$dispatchEvent$processEventRunnable$1$1$1.compute(IdeEventQueue.kt:361)
	at com.intellij.openapi.progress.impl.CoreProgressManager.computePrioritized(CoreProgressManager.java:843)
	at com.intellij.ide.IdeEventQueue$dispatchEvent$processEventRunnable$1$1.invoke(IdeEventQueue.kt:361)
	at com.intellij.ide.IdeEventQueue$dispatchEvent$processEventRunnable$1$1.invoke(IdeEventQueue.kt:356)
	at com.intellij.ide.IdeEventQueueKt.performActivity$lambda$1(IdeEventQueue.kt:1021)
	at com.intellij.openapi.application.TransactionGuardImpl.performActivity(TransactionGuardImpl.java:106)
	at com.intellij.ide.IdeEventQueueKt.performActivity(IdeEventQueue.kt:1021)
	at com.intellij.ide.IdeEventQueue.dispatchEvent$lambda$7(IdeEventQueue.kt:356)
	at com.intellij.openapi.application.impl.RwLockHolder.runIntendedWriteActionOnCurrentThread(RwLockHolder.kt:209)
	at com.intellij.openapi.application.impl.ApplicationImpl.runIntendedWriteActionOnCurrentThread(ApplicationImpl.java:830)
	at com.intellij.ide.IdeEventQueue.dispatchEvent(IdeEventQueue.kt:398)
	at java.desktop/java.awt.EventDispatchThread.pumpOneEventForFilters(EventDispatchThread.java:207)
	at java.desktop/java.awt.EventDispatchThread.pumpEventsForFilter(EventDispatchThread.java:128)
	at java.desktop/java.awt.EventDispatchThread.pumpEventsForHierarchy(EventDispatchThread.java:117)
	at java.desktop/java.awt.EventDispatchThread.pumpEvents(EventDispatchThread.java:113)
	at java.desktop/java.awt.EventDispatchThread.pumpEvents(EventDispatchThread.java:105)
	at java.desktop/java.awt.EventDispatchThread.run(EventDispatchThread.java:92)
2024-04-12 16:08:09,951 [ 170869]   WARN - #c.i.o.a.i.ActionToolbarImpl - 'LookupSummaryInfo' toolbar by default uses any focused component to update its actions. Toolbar actions that need local UI context would be incorrectly disabled. Please call toolbar.setTargetComponent() explicitly.
java.lang.Throwable: toolbar creation trace
	at com.intellij.openapi.actionSystem.impl.ActionToolbarImpl.<init>(ActionToolbarImpl.java:130)
	at com.intellij.openapi.actionSystem.impl.ActionManagerImplKt.createActionToolbarImpl(ActionManagerImpl.kt:1554)
	at com.intellij.openapi.actionSystem.impl.ActionManagerImplKt.access$createActionToolbarImpl(ActionManagerImpl.kt:1)
	at com.intellij.openapi.actionSystem.impl.ActionManagerImpl.createActionToolbar(ActionManagerImpl.kt:320)
	at com.intellij.openapi.actionSystem.impl.ActionManagerImpl.createActionToolbar(ActionManagerImpl.kt:304)
	at com.jetbrains.rider.completion.summaryInfo.ParameterInfoListView.o(ParameterInfoListView.kt:278)
	at com.jetbrains.rider.completion.summaryInfo.ParameterInfoListView.<init>(ParameterInfoListView.kt:232)
	at com.jetbrains.rider.completion.summaryInfo.RiderLookupSummaryInfosImpl.o(RiderLookupSummaryInfosImpl.kt:83)
	at com.jetbrains.rider.completion.summaryInfo.RiderLookupSummaryInfosImpl.access$showHint(RiderLookupSummaryInfosImpl.kt:25)
	at com.jetbrains.rider.completion.summaryInfo.RiderLookupSummaryInfosImpl$beginShowSummaryInfo$1.invoke(RiderLookupSummaryInfosImpl.kt:41)
	at com.jetbrains.rider.completion.summaryInfo.RiderLookupSummaryInfosImpl$beginShowSummaryInfo$1.invoke(RiderLookupSummaryInfosImpl.kt:40)
	at com.jetbrains.rider.completion.summaryInfo.RiderLookupSummaryInfosImpl$getSummaryInfo$1.invoke(RiderLookupSummaryInfosImpl.kt:69)
	at com.jetbrains.rider.completion.summaryInfo.RiderLookupSummaryInfosImpl$getSummaryInfo$1.invoke(RiderLookupSummaryInfosImpl.kt:53)
	at com.jetbrains.rd.framework.impl.RdTaskKt$startAndAdviseSuccess$1.invoke(RdTask.kt:24)
	at com.jetbrains.rd.framework.impl.RdTaskKt$startAndAdviseSuccess$1.invoke(RdTask.kt:23)
	at com.jetbrains.rd.util.reactive.Signal.fire(Signal.kt:32)
	at com.jetbrains.rd.util.reactive.WriteOnceProperty$WriteOnceSignal.fire(Property.kt:122)
	at com.jetbrains.rd.util.reactive.WriteOnceProperty.setIfEmpty(Property.kt:86)
	at com.jetbrains.rd.framework.impl.CallSiteWiredRdTask$onWireReceived$4.invoke(RdTask.kt:134)
	at com.jetbrains.rd.framework.impl.CallSiteWiredRdTask$onWireReceived$4.invoke(RdTask.kt:133)
	at com.jetbrains.rd.framework.MessageBroker$RdWireableDispatchHelper$doDispatch$2.invoke(MessageBroker.kt:122)
	at com.jetbrains.rd.framework.MessageBroker$RdWireableDispatchHelper$doDispatch$2.invoke(MessageBroker.kt:115)
	at com.jetbrains.rdclient.protocol.RdDispatcher.flushAll(RdDispatcher.kt:112)
	at com.jetbrains.rdclient.protocol.RdDispatcher.flushAllRunnable$lambda$0(RdDispatcher.kt:33)
	at com.intellij.openapi.application.TransactionGuardImpl.runWithWritingAllowed(TransactionGuardImpl.java:209)
	at com.intellij.openapi.application.TransactionGuardImpl.access$100(TransactionGuardImpl.java:22)
	at com.intellij.openapi.application.TransactionGuardImpl$1.run(TransactionGuardImpl.java:191)
	at com.intellij.openapi.application.impl.RwLockHolder.runIntendedWriteActionOnCurrentThread(RwLockHolder.kt:204)
	at com.intellij.openapi.application.impl.ApplicationImpl.runIntendedWriteActionOnCurrentThread(ApplicationImpl.java:830)
	at com.intellij.openapi.application.impl.ApplicationImpl$2.run(ApplicationImpl.java:419)
	at com.intellij.openapi.application.impl.RwLockHolder.runWithEnabledImplicitRead(RwLockHolder.kt:138)
	at com.intellij.openapi.application.impl.RwLockHolder.runWithImplicitRead(RwLockHolder.kt:129)
	at com.intellij.openapi.application.impl.ApplicationImpl.runWithImplicitRead(ApplicationImpl.java:1152)
	at com.intellij.openapi.application.impl.FlushQueue.doRun(FlushQueue.java:81)
	at com.intellij.openapi.application.impl.FlushQueue.runNextEvent(FlushQueue.java:123)
	at com.intellij.openapi.application.impl.FlushQueue.flushNow(FlushQueue.java:43)
	at java.desktop/java.awt.event.InvocationEvent.dispatch(InvocationEvent.java:318)
	at java.desktop/java.awt.EventQueue.dispatchEventImpl(EventQueue.java:792)
	at java.desktop/java.awt.EventQueue$3.run(EventQueue.java:739)
	at java.desktop/java.awt.EventQueue$3.run(EventQueue.java:733)
	at java.base/java.security.AccessController.doPrivileged(AccessController.java:399)
	at java.base/java.security.ProtectionDomain$JavaSecurityAccessImpl.doIntersectionPrivilege(ProtectionDomain.java:86)
	at java.desktop/java.awt.EventQueue.dispatchEvent(EventQueue.java:761)
	at com.intellij.ide.IdeEventQueue.defaultDispatchEvent(IdeEventQueue.kt:698)
	at com.intellij.ide.IdeEventQueue._dispatchEvent$lambda$12(IdeEventQueue.kt:593)
	at com.intellij.openapi.application.impl.RwLockHolder.runWithoutImplicitRead(RwLockHolder.kt:105)
	at com.intellij.ide.IdeEventQueue._dispatchEvent(IdeEventQueue.kt:593)
	at com.intellij.ide.IdeEventQueue.access$_dispatchEvent(IdeEventQueue.kt:77)
	at com.intellij.ide.IdeEventQueue$dispatchEvent$processEventRunnable$1$1$1.compute(IdeEventQueue.kt:362)
	at com.intellij.ide.IdeEventQueue$dispatchEvent$processEventRunnable$1$1$1.compute(IdeEventQueue.kt:361)
	at com.intellij.openapi.progress.impl.CoreProgressManager.computePrioritized(CoreProgressManager.java:843)
	at com.intellij.ide.IdeEventQueue$dispatchEvent$processEventRunnable$1$1.invoke(IdeEventQueue.kt:361)
	at com.intellij.ide.IdeEventQueue$dispatchEvent$processEventRunnable$1$1.invoke(IdeEventQueue.kt:356)
	at com.intellij.ide.IdeEventQueueKt.performActivity$lambda$1(IdeEventQueue.kt:1021)
	at com.intellij.openapi.application.TransactionGuardImpl.performActivity(TransactionGuardImpl.java:106)
	at com.intellij.ide.IdeEventQueueKt.performActivity(IdeEventQueue.kt:1021)
	at com.intellij.ide.IdeEventQueue.dispatchEvent$lambda$7(IdeEventQueue.kt:356)
	at com.intellij.openapi.application.impl.RwLockHolder.runIntendedWriteActionOnCurrentThread(RwLockHolder.kt:209)
	at com.intellij.openapi.application.impl.ApplicationImpl.runIntendedWriteActionOnCurrentThread(ApplicationImpl.java:830)
	at com.intellij.ide.IdeEventQueue.dispatchEvent(IdeEventQueue.kt:398)
	at java.desktop/java.awt.EventDispatchThread.pumpOneEventForFilters(EventDispatchThread.java:207)
	at java.desktop/java.awt.EventDispatchThread.pumpEventsForFilter(EventDispatchThread.java:128)
	at java.desktop/java.awt.EventDispatchThread.pumpEventsForHierarchy(EventDispatchThread.java:117)
	at java.desktop/java.awt.EventDispatchThread.pumpEvents(EventDispatchThread.java:113)
	at java.desktop/java.awt.EventDispatchThread.pumpEvents(EventDispatchThread.java:105)
	at java.desktop/java.awt.EventDispatchThread.run(EventDispatchThread.java:92)
2024-04-12 16:08:11,105 [ 172023]   WARN - #c.j.r.d.FrontendMarkupContributor - Received unrepairable update for highlighter. Model: {id=48; attributeId=Sticky Line Highlighting; (194, 354)}
2024-04-12 16:08:11,105 [ 172023]   WARN - #c.j.r.d.FrontendMarkupContributor - Received unrepairable update for highlighter. Model: {id=49; attributeId=Sticky Line Highlighting; (269, 352)}
2024-04-12 16:08:11,105 [ 172023]   WARN - #c.j.r.d.FrontendMarkupContributor - Received unrepairable update for highlighter. Model: {id=54; attributeId=ReSharper Indent Guide; (319, 352)}
2024-04-12 16:08:52,002 [ 212920]   WARN - #c.j.r.e.RiderTextControlHost - file null doesn't exist
2024-04-12 16:09:16,446 [ 237364] SEVERE - #c.j.d.e.a.RemoteWindowReplaceAction - `ActionUpdateThread.OLD_EDT` is deprecated and going to be removed soon. 'com.jetbrains.dotCommon.externalAppToolWindow.actions.RemoteWindowReplaceAction' must override `getActionUpdateThread` and chose EDT or BGT. See ActionUpdateThread javadoc. [Plugin: com.jetbrains.dotCommon]
com.intellij.diagnostic.PluginException: `ActionUpdateThread.OLD_EDT` is deprecated and going to be removed soon. 'com.jetbrains.dotCommon.externalAppToolWindow.actions.RemoteWindowReplaceAction' must override `getActionUpdateThread` and chose EDT or BGT. See ActionUpdateThread javadoc. [Plugin: com.jetbrains.dotCommon]
	at com.intellij.diagnostic.PluginProblemReporterImpl.createPluginExceptionByClass(PluginProblemReporterImpl.java:23)
	at com.intellij.diagnostic.PluginException.createByClass(PluginException.java:90)
	at com.intellij.diagnostic.PluginException.reportDeprecatedUsage(PluginException.java:125)
	at com.intellij.openapi.actionSystem.ActionUpdateThreadAware.getActionUpdateThread(ActionUpdateThreadAware.java:21)
	at com.intellij.openapi.actionSystem.AnAction.getActionUpdateThread(AnAction.java:199)
2024-04-12 16:09:16,448 [ 237366] SEVERE - #c.j.d.e.a.RemoteWindowReplaceAction - JetBrains Rider 2024.1  Build #RD-241.14494.307
2024-04-12 16:09:16,448 [ 237366] SEVERE - #c.j.d.e.a.RemoteWindowReplaceAction - JDK: 17.0.10; VM: OpenJDK 64-Bit Server VM; Vendor: JetBrains s.r.o.
2024-04-12 16:09:16,448 [ 237366] SEVERE - #c.j.d.e.a.RemoteWindowReplaceAction - OS: Linux
2024-04-12 16:09:46,047 [ 266965]   WARN - #c.j.r.e.RiderTextControlHost - file null doesn't exist
2024-04-12 16:14:22,941 [ 543859]   WARN - #c.j.r.d.FrontendMarkupContributor - Received unrepairable update for highlighter. Model: {id=48; attributeId=Sticky Line Highlighting; (194, 670)}
2024-04-12 16:14:22,941 [ 543859]   WARN - #c.j.r.d.FrontendMarkupContributor - Received unrepairable update for highlighter. Model: {id=49; attributeId=Sticky Line Highlighting; (269, 668)}
2024-04-12 16:14:22,941 [ 543859]   WARN - #c.j.r.d.FrontendMarkupContributor - Received unrepairable update for highlighter. Model: {id=54; attributeId=ReSharper Indent Guide; (319, 668)}
2024-04-12 16:15:19,896 [ 600814]   WARN - #c.i.o.a.ExperimentalFeatureImpl - Feature 'typescript.compiler.evaluation' is disabled in Release. Set 'percentOfUsers' to 100% to enable in Release.
2024-04-12 16:15:19,911 [ 600829]   WARN - #c.i.u.x.Binding - No accessors for com.intellij.platform.feedback.impl.state.CommonFeedbackSurveysState. This means that state class cannot be serialized properly. Please see https://jb.gg/ij-psoc
2024-04-12 16:15:19,911 [ 600829]   WARN - #c.i.u.x.Binding - No accessors for com.intellij.platform.feedback.impl.state.DontShowAgainFeedbackState. This means that state class cannot be serialized properly. Please see https://jb.gg/ij-psoc
2024-04-12 16:18:34,207 [ 795125]   WARN - #c.j.r.e.RiderTextControlHost - file null doesn't exist
2024-04-12 16:18:38,842 [ 799760]   WARN - #c.j.r.e.RiderTextControlHost - file null doesn't exist
2024-04-12 16:27:34,332 [1335250]   WARN - #c.j.r.e.RiderTextControlHost - file null doesn't exist
2024-04-12 16:27:38,484 [1339402]   WARN - #git4idea.annotate.GitAnnotationProvider - Computing annotations for implicitly passed HEAD revision
2024-04-12 16:27:38,489 [1339407]   WARN - #c.j.r.c.v.VcsEditorAnnotationsCacheService - Can't get annotations from VCS
com.intellij.openapi.vcs.VcsException: fatal: no such path Phoenix/Phoenix.Infrastructure/EntitiesConfiguration/RotaEntregaConfiguration.cs in HEAD

	at git4idea.commands.GitBinaryHandler$1.processTerminated(GitBinaryHandler.java:143)
	at jdk.internal.reflect.GeneratedMethodAccessor108.invoke(Unknown Source)
	at java.base/jdk.internal.reflect.DelegatingMethodAccessorImpl.invoke(DelegatingMethodAccessorImpl.java:43)
	at java.base/java.lang.reflect.Method.invoke(Method.java:568)
	at com.intellij.util.EventDispatcher.dispatchVoidMethod(EventDispatcher.java:119)
	at com.intellij.util.EventDispatcher.lambda$createMulticaster$1(EventDispatcher.java:84)
	at jdk.proxy2/jdk.proxy2.$Proxy119.processTerminated(Unknown Source)
	at git4idea.commands.GitBinaryHandler.waitForProcess(GitBinaryHandler.java:108)
	at git4idea.commands.GitHandler.runInCurrentThread(GitHandler.java:415)
	at git4idea.commands.GitBinaryHandler.run(GitBinaryHandler.java:165)
	at git4idea.annotate.GitAnnotationProvider$DefaultGitAnnotationProvider.annotate(GitAnnotationProvider.java:254)
	at git4idea.annotate.GitAnnotationService$annotateWithProvider$2$1$1.invoke(GitAnnotationService.kt:115)
	at git4idea.annotate.GitAnnotationService$annotateWithProvider$2$1$1.invoke(GitAnnotationService.kt:115)
	at com.intellij.openapi.progress.CoroutinesKt.jobToIndicator$lambda$2(coroutines.kt:422)
	at com.intellij.openapi.progress.ProgressManager.lambda$runProcess$0(ProgressManager.java:100)
	at com.intellij.openapi.progress.impl.CoreProgressManager.lambda$runProcess$2(CoreProgressManager.java:217)
	at com.intellij.openapi.progress.impl.CoreProgressManager.lambda$executeProcessUnderProgress$13(CoreProgressManager.java:660)
	at com.intellij.openapi.progress.impl.CoreProgressManager.registerIndicatorAndRun(CoreProgressManager.java:735)
	at com.intellij.openapi.progress.impl.CoreProgressManager.computeUnderProgress(CoreProgressManager.java:691)
	at com.intellij.openapi.progress.impl.CoreProgressManager.executeProcessUnderProgress(CoreProgressManager.java:659)
	at com.intellij.openapi.progress.impl.ProgressManagerImpl.executeProcessUnderProgress(ProgressManagerImpl.java:79)
	at com.intellij.openapi.progress.impl.CoreProgressManager.runProcess(CoreProgressManager.java:202)
	at com.intellij.openapi.progress.ProgressManager.runProcess(ProgressManager.java:100)
	at com.intellij.openapi.progress.CoroutinesKt.jobToIndicator(coroutines.kt:410)
	at com.intellij.openapi.progress.CoroutinesKt.contextToIndicator(coroutines.kt:402)
	at com.intellij.openapi.progress.CoroutinesKt.coroutineToIndicator(coroutines.kt:350)
	at git4idea.annotate.GitAnnotationService.annotateWithProvider(GitAnnotationService.kt:115)
	at git4idea.annotate.GitAnnotationService.annotateWithSingleProvider(GitAnnotationService.kt:58)
	at git4idea.annotate.GitAnnotationService.access$annotateWithSingleProvider(GitAnnotationService.kt:26)
	at git4idea.annotate.GitAnnotationService$annotate$1.invokeSuspend(GitAnnotationService.kt:44)
	at kotlin.coroutines.jvm.internal.BaseContinuationImpl.resumeWith(ContinuationImpl.kt:33)
	at kotlinx.coroutines.DispatchedTask.run(DispatchedTask.kt:108)
	at kotlinx.coroutines.EventLoopImplBase.processNextEvent(EventLoop.common.kt:280)
	at kotlinx.coroutines.BlockingCoroutine.joinBlocking(Builders.kt:85)
	at kotlinx.coroutines.BuildersKt__BuildersKt.runBlocking(Builders.kt:59)
	at kotlinx.coroutines.BuildersKt.runBlocking(Unknown Source)
	at com.intellij.openapi.progress.CoroutinesKt$runBlockingCancellable$1.invoke(coroutines.kt:132)
	at com.intellij.openapi.progress.CoroutinesKt$runBlockingCancellable$1.invoke(coroutines.kt:126)
	at com.intellij.openapi.progress.ContextKt.prepareIndicatorThreadContext$lambda$5(context.kt:107)
	at com.intellij.openapi.progress.impl.CoreProgressManager.silenceGlobalIndicator(CoreProgressManager.java:1022)
	at com.intellij.openapi.progress.ContextKt.prepareIndicatorThreadContext(context.kt:105)
	at com.intellij.openapi.progress.ContextKt.prepareThreadContext(context.kt:75)
	at com.intellij.openapi.progress.CoroutinesKt.runBlockingCancellable(coroutines.kt:126)
	at com.intellij.openapi.progress.CoroutinesKt.runBlockingCancellable(coroutines.kt:121)
	at git4idea.annotate.GitAnnotationService.annotate(GitAnnotationService.kt:38)
	at git4idea.annotate.GitAnnotationProvider.doAnnotate(GitAnnotationProvider.java:206)
	at git4idea.annotate.GitAnnotationProvider.annotate(GitAnnotationProvider.java:144)
	at git4idea.annotate.GitAnnotationProvider.lambda$annotate$0(GitAnnotationProvider.java:99)
	at git4idea.annotate.GitAnnotationProvider.logTime(GitAnnotationProvider.java:569)
	at git4idea.annotate.GitAnnotationProvider.annotate(GitAnnotationProvider.java:92)
	at git4idea.annotate.GitAnnotationProvider.annotate(GitAnnotationProvider.java:87)
	at com.jetbrains.rider.codeVision.vcs.VcsEditorAnnotationsCacheService.getAnnotationsForEditor(VcsEditorAnnotationsCacheService.kt:68)
	at com.jetbrains.rider.codeVision.vcs.VcsAuthorCodeVisionProvider.computeForEditor(VcsAuthorCodeVisionProvider.kt:105)
	at com.jetbrains.rider.codeVision.vcs.VcsAuthorCodeVisionProvider.computeForEditor(VcsAuthorCodeVisionProvider.kt:35)
	at com.intellij.codeInsight.codeVision.CodeVisionProvider.computeCodeVision(CodeVisionProvider.kt:68)
	at com.intellij.codeInsight.codeVision.CodeVisionHost$calculateFrontendLenses$2.invoke(CodeVisionHost.kt:453)
	at com.intellij.codeInsight.codeVision.CodeVisionHost$calculateFrontendLenses$2.invoke(CodeVisionHost.kt:423)
	at com.intellij.codeInsight.codeVision.CodeVisionHost.executeOnPooledThread$lambda$11$lambda$10(CodeVisionHost.kt:495)
	at com.intellij.openapi.progress.impl.CoreProgressManager.lambda$runProcess$2(CoreProgressManager.java:217)
	at com.intellij.openapi.progress.impl.CoreProgressManager.lambda$executeProcessUnderProgress$13(CoreProgressManager.java:660)
	at com.intellij.openapi.progress.impl.CoreProgressManager.registerIndicatorAndRun(CoreProgressManager.java:735)
	at com.intellij.openapi.progress.impl.CoreProgressManager.computeUnderProgress(CoreProgressManager.java:691)
	at com.intellij.openapi.progress.impl.CoreProgressManager.executeProcessUnderProgress(CoreProgressManager.java:659)
	at com.intellij.openapi.progress.impl.ProgressManagerImpl.executeProcessUnderProgress(ProgressManagerImpl.java:79)
	at com.intellij.openapi.progress.impl.CoreProgressManager.runProcess(CoreProgressManager.java:202)
	at com.intellij.codeInsight.codeVision.CodeVisionHost.executeOnPooledThread$lambda$11(CodeVisionHost.kt:495)
	at java.base/java.util.concurrent.CompletableFuture$AsyncRun.run(CompletableFuture.java:1804)
	at com.intellij.util.concurrency.ContextRunnable.run(ContextRunnable.java:27)
	at java.base/java.util.concurrent.ThreadPoolExecutor.runWorker(ThreadPoolExecutor.java:1136)
	at java.base/java.util.concurrent.ThreadPoolExecutor$Worker.run(ThreadPoolExecutor.java:635)
	at java.base/java.util.concurrent.Executors$PrivilegedThreadFactory$1$1.run(Executors.java:702)
	at java.base/java.util.concurrent.Executors$PrivilegedThreadFactory$1$1.run(Executors.java:699)
	at java.base/java.security.AccessController.doPrivileged(AccessController.java:399)
	at java.base/java.util.concurrent.Executors$PrivilegedThreadFactory$1.run(Executors.java:699)
	at java.base/java.lang.Thread.run(Thread.java:840)
2024-04-12 16:27:56,269 [1357187]   WARN - #c.j.r.e.RiderTextControlHost - file null doesn't exist
2024-04-12 16:28:16,023 [1376941]   WARN - #c.j.r.p.RdConstants - An attempt to use null ClientId context value for per context entity. Returning 'localId.value'. Enable Trace category to investigate stack traces
2024-04-12 16:28:16,023 [1376941]   WARN - #c.j.r.p.RdConstants - An attempt to use null ClientId context value for per context entity. Returning 'localId.value'. Enable Trace category to investigate stack traces
2024-04-12 16:30:05,037 [1485955]   WARN - #c.j.r.e.RiderTextControlHost - file null doesn't exist
2024-04-12 16:31:47,510 [1588428]   WARN - #c.j.r.d.FrontendMarkupContributor - Received unrepairable update for highlighter. Model: {id=49; attributeId=Sticky Line Highlighting; (231, 528)}
2024-04-12 16:31:47,510 [1588428]   WARN - #c.j.r.d.FrontendMarkupContributor - Received unrepairable update for highlighter. Model: {id=50; attributeId=Sticky Line Highlighting; (314, 526)}
2024-04-12 16:31:47,510 [1588428]   WARN - #c.j.r.d.FrontendMarkupContributor - Received unrepairable update for highlighter. Model: {id=51; attributeId=ReSharper Indent Guide; (368, 526)}
2024-04-12 16:32:04,129 [1605047]   WARN - #c.j.r.e.RiderTextControlHost - file null doesn't exist
2024-04-12 16:32:09,163 [1610081]   WARN - #c.j.r.e.RiderTextControlHost - file null doesn't exist
2024-04-12 16:32:55,541 [1656459]   WARN - #c.j.r.e.RiderTextControlHost - file null doesn't exist
2024-04-12 16:33:08,894 [1669812]   WARN - #c.j.r.p.RdConstants - An attempt to use null ClientId context value for per context entity. Returning 'localId.value'. Enable Trace category to investigate stack traces
2024-04-12 16:33:08,894 [1669812]   WARN - #c.j.r.p.RdConstants - An attempt to use null ClientId context value for per context entity. Returning 'localId.value'. Enable Trace category to investigate stack traces
2024-04-12 16:33:12,793 [1673711]   WARN - #c.j.r.p.RdConstants - An attempt to use null ClientId context value for per context entity. Returning 'localId.value'. Enable Trace category to investigate stack traces
2024-04-12 16:33:12,793 [1673711]   WARN - #c.j.r.p.RdConstants - An attempt to use null ClientId context value for per context entity. Returning 'localId.value'. Enable Trace category to investigate stack traces
2024-04-12 16:33:32,359 [1693277]   WARN - #c.j.r.e.RiderTextControlHost - file null doesn't exist
2024-04-12 16:33:38,145 [1699063]   WARN - #c.j.r.e.RiderTextControlHost - file null doesn't exist
2024-04-12 16:35:39,265 [1820183]   WARN - #c.j.r.d.FrontendMarkupContributor - Received unrepairable update for highlighter. Model: {id=76; attributeId=Sticky Line Highlighting; (209, 626)}
2024-04-12 16:35:39,266 [1820184]   WARN - #c.j.r.d.FrontendMarkupContributor - Received unrepairable update for highlighter. Model: {id=77; attributeId=Sticky Line Highlighting; (280, 624)}
2024-04-12 16:35:39,266 [1820184]   WARN - #c.j.r.d.FrontendMarkupContributor - Received unrepairable update for highlighter. Model: {id=78; attributeId=ReSharper Indent Guide; (328, 624)}
2024-04-12 16:36:34,148 [1875066]   WARN - #c.j.r.e.RiderTextControlHost - file null doesn't exist
2024-04-12 16:37:01,872 [1902790]   WARN - #c.i.o.a.i.ActionToolbarImpl - 'LookupSummaryInfo' toolbar by default uses any focused component to update its actions. Toolbar actions that need local UI context would be incorrectly disabled. Please call toolbar.setTargetComponent() explicitly.
java.lang.Throwable: toolbar creation trace
	at com.intellij.openapi.actionSystem.impl.ActionToolbarImpl.<init>(ActionToolbarImpl.java:130)
	at com.intellij.openapi.actionSystem.impl.ActionManagerImplKt.createActionToolbarImpl(ActionManagerImpl.kt:1554)
	at com.intellij.openapi.actionSystem.impl.ActionManagerImplKt.access$createActionToolbarImpl(ActionManagerImpl.kt:1)
	at com.intellij.openapi.actionSystem.impl.ActionManagerImpl.createActionToolbar(ActionManagerImpl.kt:320)
	at com.intellij.openapi.actionSystem.impl.ActionManagerImpl.createActionToolbar(ActionManagerImpl.kt:304)
	at com.jetbrains.rider.completion.summaryInfo.ParameterInfoListView.o(ParameterInfoListView.kt:278)
	at com.jetbrains.rider.completion.summaryInfo.ParameterInfoListView.<init>(ParameterInfoListView.kt:230)
	at com.jetbrains.rider.completion.summaryInfo.RiderLookupSummaryInfosImpl.o(RiderLookupSummaryInfosImpl.kt:83)
	at com.jetbrains.rider.completion.summaryInfo.RiderLookupSummaryInfosImpl.access$showHint(RiderLookupSummaryInfosImpl.kt:25)
	at com.jetbrains.rider.completion.summaryInfo.RiderLookupSummaryInfosImpl$beginShowSummaryInfo$1.invoke(RiderLookupSummaryInfosImpl.kt:41)
	at com.jetbrains.rider.completion.summaryInfo.RiderLookupSummaryInfosImpl$beginShowSummaryInfo$1.invoke(RiderLookupSummaryInfosImpl.kt:40)
	at com.jetbrains.rider.completion.summaryInfo.RiderLookupSummaryInfosImpl.o(RiderLookupSummaryInfosImpl.kt:73)
	at com.jetbrains.rider.completion.summaryInfo.RiderLookupSummaryInfosImpl.beginShowSummaryInfo(RiderLookupSummaryInfosImpl.kt:40)
	at com.jetbrains.rider.completion.summaryInfo.SummaryInfoTracker.l(SummaryInfoTracker.kt:47)
	at com.intellij.util.concurrency.ChildContext$runAsCoroutine$1.invoke(propagation.kt:81)
	at com.intellij.util.concurrency.ChildContext$runAsCoroutine$1.invoke(propagation.kt:81)
	at com.intellij.util.concurrency.ChildContext.runAsCoroutine(propagation.kt:86)
	at com.intellij.util.concurrency.ChildContext.runAsCoroutine(propagation.kt:81)
	at com.intellij.util.Alarm$Request.lambda$runSafely$0(Alarm.java:369)
	at com.intellij.util.concurrency.QueueProcessor.runSafely(QueueProcessor.java:253)
	at com.intellij.util.Alarm$Request.runSafely(Alarm.java:369)
	at com.intellij.util.Alarm$Request.run(Alarm.java:356)
	at com.intellij.codeWithMe.ClientId$Companion.decorateRunnable$lambda$4(ClientId.kt:365)
	at java.base/java.util.concurrent.Executors$RunnableAdapter.call(Executors.java:539)
	at java.base/java.util.concurrent.FutureTask.run(FutureTask.java:264)
	at com.intellij.util.concurrency.SchedulingWrapper$MyScheduledFutureTask.run(SchedulingWrapper.java:272)
	at com.intellij.openapi.application.TransactionGuardImpl.runWithWritingAllowed(TransactionGuardImpl.java:209)
	at com.intellij.openapi.application.TransactionGuardImpl.access$100(TransactionGuardImpl.java:22)
	at com.intellij.openapi.application.TransactionGuardImpl$1.run(TransactionGuardImpl.java:191)
	at com.intellij.openapi.application.impl.RwLockHolder.runIntendedWriteActionOnCurrentThread(RwLockHolder.kt:204)
	at com.intellij.openapi.application.impl.ApplicationImpl.runIntendedWriteActionOnCurrentThread(ApplicationImpl.java:830)
	at com.intellij.openapi.application.impl.ApplicationImpl$2.run(ApplicationImpl.java:419)
	at com.intellij.openapi.application.impl.RwLockHolder.runWithEnabledImplicitRead(RwLockHolder.kt:138)
	at com.intellij.openapi.application.impl.RwLockHolder.runWithImplicitRead(RwLockHolder.kt:129)
	at com.intellij.openapi.application.impl.ApplicationImpl.runWithImplicitRead(ApplicationImpl.java:1152)
	at com.intellij.openapi.application.impl.FlushQueue.doRun(FlushQueue.java:81)
	at com.intellij.openapi.application.impl.FlushQueue.runNextEvent(FlushQueue.java:123)
	at com.intellij.openapi.application.impl.FlushQueue.flushNow(FlushQueue.java:43)
	at java.desktop/java.awt.event.InvocationEvent.dispatch(InvocationEvent.java:318)
	at java.desktop/java.awt.EventQueue.dispatchEventImpl(EventQueue.java:792)
	at java.desktop/java.awt.EventQueue$3.run(EventQueue.java:739)
	at java.desktop/java.awt.EventQueue$3.run(EventQueue.java:733)
	at java.base/java.security.AccessController.doPrivileged(AccessController.java:399)
	at java.base/java.security.ProtectionDomain$JavaSecurityAccessImpl.doIntersectionPrivilege(ProtectionDomain.java:86)
	at java.desktop/java.awt.EventQueue.dispatchEvent(EventQueue.java:761)
	at com.intellij.ide.IdeEventQueue.defaultDispatchEvent(IdeEventQueue.kt:698)
	at com.intellij.ide.IdeEventQueue._dispatchEvent$lambda$12(IdeEventQueue.kt:593)
	at com.intellij.openapi.application.impl.RwLockHolder.runWithoutImplicitRead(RwLockHolder.kt:105)
	at com.intellij.ide.IdeEventQueue._dispatchEvent(IdeEventQueue.kt:593)
	at com.intellij.ide.IdeEventQueue.access$_dispatchEvent(IdeEventQueue.kt:77)
	at com.intellij.ide.IdeEventQueue$dispatchEvent$processEventRunnable$1$1$1.compute(IdeEventQueue.kt:362)
	at com.intellij.ide.IdeEventQueue$dispatchEvent$processEventRunnable$1$1$1.compute(IdeEventQueue.kt:361)
	at com.intellij.openapi.progress.impl.CoreProgressManager.computePrioritized(CoreProgressManager.java:843)
	at com.intellij.ide.IdeEventQueue$dispatchEvent$processEventRunnable$1$1.invoke(IdeEventQueue.kt:361)
	at com.intellij.ide.IdeEventQueue$dispatchEvent$processEventRunnable$1$1.invoke(IdeEventQueue.kt:356)
	at com.intellij.ide.IdeEventQueueKt.performActivity$lambda$1(IdeEventQueue.kt:1021)
	at com.intellij.openapi.application.TransactionGuardImpl.performActivity(TransactionGuardImpl.java:106)
	at com.intellij.ide.IdeEventQueueKt.performActivity(IdeEventQueue.kt:1021)
	at com.intellij.ide.IdeEventQueue.dispatchEvent$lambda$7(IdeEventQueue.kt:356)
	at com.intellij.openapi.application.impl.RwLockHolder.runIntendedWriteActionOnCurrentThread(RwLockHolder.kt:209)
	at com.intellij.openapi.application.impl.ApplicationImpl.runIntendedWriteActionOnCurrentThread(ApplicationImpl.java:830)
	at com.intellij.ide.IdeEventQueue.dispatchEvent(IdeEventQueue.kt:398)
	at java.desktop/java.awt.EventDispatchThread.pumpOneEventForFilters(EventDispatchThread.java:207)
	at java.desktop/java.awt.EventDispatchThread.pumpEventsForFilter(EventDispatchThread.java:128)
	at java.desktop/java.awt.EventDispatchThread.pumpEventsForHierarchy(EventDispatchThread.java:117)
	at java.desktop/java.awt.EventDispatchThread.pumpEvents(EventDispatchThread.java:113)
	at java.desktop/java.awt.EventDispatchThread.pumpEvents(EventDispatchThread.java:105)
	at java.desktop/java.awt.EventDispatchThread.run(EventDispatchThread.java:92)
2024-04-12 16:37:01,875 [1902793]   WARN - #c.i.o.a.i.ActionToolbarImpl - 'LookupSummaryInfo' toolbar by default uses any focused component to update its actions. Toolbar actions that need local UI context would be incorrectly disabled. Please call toolbar.setTargetComponent() explicitly.
java.lang.Throwable: toolbar creation trace
	at com.intellij.openapi.actionSystem.impl.ActionToolbarImpl.<init>(ActionToolbarImpl.java:130)
	at com.intellij.openapi.actionSystem.impl.ActionManagerImplKt.createActionToolbarImpl(ActionManagerImpl.kt:1554)
	at com.intellij.openapi.actionSystem.impl.ActionManagerImplKt.access$createActionToolbarImpl(ActionManagerImpl.kt:1)
	at com.intellij.openapi.actionSystem.impl.ActionManagerImpl.createActionToolbar(ActionManagerImpl.kt:320)
	at com.intellij.openapi.actionSystem.impl.ActionManagerImpl.createActionToolbar(ActionManagerImpl.kt:304)
	at com.jetbrains.rider.completion.summaryInfo.ParameterInfoListView.o(ParameterInfoListView.kt:278)
	at com.jetbrains.rider.completion.summaryInfo.ParameterInfoListView.<init>(ParameterInfoListView.kt:232)
	at com.jetbrains.rider.completion.summaryInfo.RiderLookupSummaryInfosImpl.o(RiderLookupSummaryInfosImpl.kt:83)
	at com.jetbrains.rider.completion.summaryInfo.RiderLookupSummaryInfosImpl.access$showHint(RiderLookupSummaryInfosImpl.kt:25)
	at com.jetbrains.rider.completion.summaryInfo.RiderLookupSummaryInfosImpl$beginShowSummaryInfo$1.invoke(RiderLookupSummaryInfosImpl.kt:41)
	at com.jetbrains.rider.completion.summaryInfo.RiderLookupSummaryInfosImpl$beginShowSummaryInfo$1.invoke(RiderLookupSummaryInfosImpl.kt:40)
	at com.jetbrains.rider.completion.summaryInfo.RiderLookupSummaryInfosImpl.o(RiderLookupSummaryInfosImpl.kt:73)
	at com.jetbrains.rider.completion.summaryInfo.RiderLookupSummaryInfosImpl.beginShowSummaryInfo(RiderLookupSummaryInfosImpl.kt:40)
	at com.jetbrains.rider.completion.summaryInfo.SummaryInfoTracker.l(SummaryInfoTracker.kt:47)
	at com.intellij.util.concurrency.ChildContext$runAsCoroutine$1.invoke(propagation.kt:81)
	at com.intellij.util.concurrency.ChildContext$runAsCoroutine$1.invoke(propagation.kt:81)
	at com.intellij.util.concurrency.ChildContext.runAsCoroutine(propagation.kt:86)
	at com.intellij.util.concurrency.ChildContext.runAsCoroutine(propagation.kt:81)
	at com.intellij.util.Alarm$Request.lambda$runSafely$0(Alarm.java:369)
	at com.intellij.util.concurrency.QueueProcessor.runSafely(QueueProcessor.java:253)
	at com.intellij.util.Alarm$Request.runSafely(Alarm.java:369)
	at com.intellij.util.Alarm$Request.run(Alarm.java:356)
	at com.intellij.codeWithMe.ClientId$Companion.decorateRunnable$lambda$4(ClientId.kt:365)
	at java.base/java.util.concurrent.Executors$RunnableAdapter.call(Executors.java:539)
	at java.base/java.util.concurrent.FutureTask.run(FutureTask.java:264)
	at com.intellij.util.concurrency.SchedulingWrapper$MyScheduledFutureTask.run(SchedulingWrapper.java:272)
	at com.intellij.openapi.application.TransactionGuardImpl.runWithWritingAllowed(TransactionGuardImpl.java:209)
	at com.intellij.openapi.application.TransactionGuardImpl.access$100(TransactionGuardImpl.java:22)
	at com.intellij.openapi.application.TransactionGuardImpl$1.run(TransactionGuardImpl.java:191)
	at com.intellij.openapi.application.impl.RwLockHolder.runIntendedWriteActionOnCurrentThread(RwLockHolder.kt:204)
	at com.intellij.openapi.application.impl.ApplicationImpl.runIntendedWriteActionOnCurrentThread(ApplicationImpl.java:830)
	at com.intellij.openapi.application.impl.ApplicationImpl$2.run(ApplicationImpl.java:419)
	at com.intellij.openapi.application.impl.RwLockHolder.runWithEnabledImplicitRead(RwLockHolder.kt:138)
	at com.intellij.openapi.application.impl.RwLockHolder.runWithImplicitRead(RwLockHolder.kt:129)
	at com.intellij.openapi.application.impl.ApplicationImpl.runWithImplicitRead(ApplicationImpl.java:1152)
	at com.intellij.openapi.application.impl.FlushQueue.doRun(FlushQueue.java:81)
	at com.intellij.openapi.application.impl.FlushQueue.runNextEvent(FlushQueue.java:123)
	at com.intellij.openapi.application.impl.FlushQueue.flushNow(FlushQueue.java:43)
	at java.desktop/java.awt.event.InvocationEvent.dispatch(InvocationEvent.java:318)
	at java.desktop/java.awt.EventQueue.dispatchEventImpl(EventQueue.java:792)
	at java.desktop/java.awt.EventQueue$3.run(EventQueue.java:739)
	at java.desktop/java.awt.EventQueue$3.run(EventQueue.java:733)
	at java.base/java.security.AccessController.doPrivileged(AccessController.java:399)
	at java.base/java.security.ProtectionDomain$JavaSecurityAccessImpl.doIntersectionPrivilege(ProtectionDomain.java:86)
	at java.desktop/java.awt.EventQueue.dispatchEvent(EventQueue.java:761)
	at com.intellij.ide.IdeEventQueue.defaultDispatchEvent(IdeEventQueue.kt:698)
	at com.intellij.ide.IdeEventQueue._dispatchEvent$lambda$12(IdeEventQueue.kt:593)
	at com.intellij.openapi.application.impl.RwLockHolder.runWithoutImplicitRead(RwLockHolder.kt:105)
	at com.intellij.ide.IdeEventQueue._dispatchEvent(IdeEventQueue.kt:593)
	at com.intellij.ide.IdeEventQueue.access$_dispatchEvent(IdeEventQueue.kt:77)
	at com.intellij.ide.IdeEventQueue$dispatchEvent$processEventRunnable$1$1$1.compute(IdeEventQueue.kt:362)
	at com.intellij.ide.IdeEventQueue$dispatchEvent$processEventRunnable$1$1$1.compute(IdeEventQueue.kt:361)
	at com.intellij.openapi.progress.impl.CoreProgressManager.computePrioritized(CoreProgressManager.java:843)
	at com.intellij.ide.IdeEventQueue$dispatchEvent$processEventRunnable$1$1.invoke(IdeEventQueue.kt:361)
	at com.intellij.ide.IdeEventQueue$dispatchEvent$processEventRunnable$1$1.invoke(IdeEventQueue.kt:356)
	at com.intellij.ide.IdeEventQueueKt.performActivity$lambda$1(IdeEventQueue.kt:1021)
	at com.intellij.openapi.application.TransactionGuardImpl.performActivity(TransactionGuardImpl.java:106)
	at com.intellij.ide.IdeEventQueueKt.performActivity(IdeEventQueue.kt:1021)
	at com.intellij.ide.IdeEventQueue.dispatchEvent$lambda$7(IdeEventQueue.kt:356)
	at com.intellij.openapi.application.impl.RwLockHolder.runIntendedWriteActionOnCurrentThread(RwLockHolder.kt:209)
	at com.intellij.openapi.application.impl.ApplicationImpl.runIntendedWriteActionOnCurrentThread(ApplicationImpl.java:830)
	at com.intellij.ide.IdeEventQueue.dispatchEvent(IdeEventQueue.kt:398)
	at java.desktop/java.awt.EventDispatchThread.pumpOneEventForFilters(EventDispatchThread.java:207)
	at java.desktop/java.awt.EventDispatchThread.pumpEventsForFilter(EventDispatchThread.java:128)
	at java.desktop/java.awt.EventDispatchThread.pumpEventsForHierarchy(EventDispatchThread.java:117)
	at java.desktop/java.awt.EventDispatchThread.pumpEvents(EventDispatchThread.java:113)
	at java.desktop/java.awt.EventDispatchThread.pumpEvents(EventDispatchThread.java:105)
	at java.desktop/java.awt.EventDispatchThread.run(EventDispatchThread.java:92)
2024-04-12 16:40:10,259 [2091177]   WARN - #c.j.r.e.RiderTextControlHost - file null doesn't exist
2024-04-12 16:40:10,675 [2091593]   WARN - #git4idea.annotate.GitAnnotationProvider - Computing annotations for implicitly passed HEAD revision
2024-04-12 16:40:10,682 [2091600]   WARN - #c.j.r.c.v.VcsEditorAnnotationsCacheService - Can't get annotations from VCS
com.intellij.openapi.vcs.VcsException: fatal: no such path Phoenix/Phoenix.Infrastructure/RelationshipEntitiesConfiguration/CargoAtividadeConfiguration.cs in HEAD

	at git4idea.commands.GitBinaryHandler$1.processTerminated(GitBinaryHandler.java:143)
	at jdk.internal.reflect.GeneratedMethodAccessor108.invoke(Unknown Source)
	at java.base/jdk.internal.reflect.DelegatingMethodAccessorImpl.invoke(DelegatingMethodAccessorImpl.java:43)
	at java.base/java.lang.reflect.Method.invoke(Method.java:568)
	at com.intellij.util.EventDispatcher.dispatchVoidMethod(EventDispatcher.java:119)
	at com.intellij.util.EventDispatcher.lambda$createMulticaster$1(EventDispatcher.java:84)
	at jdk.proxy2/jdk.proxy2.$Proxy119.processTerminated(Unknown Source)
	at git4idea.commands.GitBinaryHandler.waitForProcess(GitBinaryHandler.java:108)
	at git4idea.commands.GitHandler.runInCurrentThread(GitHandler.java:415)
	at git4idea.commands.GitBinaryHandler.run(GitBinaryHandler.java:165)
	at git4idea.annotate.GitAnnotationProvider$DefaultGitAnnotationProvider.annotate(GitAnnotationProvider.java:254)
	at git4idea.annotate.GitAnnotationService$annotateWithProvider$2$1$1.invoke(GitAnnotationService.kt:115)
	at git4idea.annotate.GitAnnotationService$annotateWithProvider$2$1$1.invoke(GitAnnotationService.kt:115)
	at com.intellij.openapi.progress.CoroutinesKt.jobToIndicator$lambda$2(coroutines.kt:422)
	at com.intellij.openapi.progress.ProgressManager.lambda$runProcess$0(ProgressManager.java:100)
	at com.intellij.openapi.progress.impl.CoreProgressManager.lambda$runProcess$2(CoreProgressManager.java:217)
	at com.intellij.openapi.progress.impl.CoreProgressManager.lambda$executeProcessUnderProgress$13(CoreProgressManager.java:660)
	at com.intellij.openapi.progress.impl.CoreProgressManager.registerIndicatorAndRun(CoreProgressManager.java:735)
	at com.intellij.openapi.progress.impl.CoreProgressManager.computeUnderProgress(CoreProgressManager.java:691)
	at com.intellij.openapi.progress.impl.CoreProgressManager.executeProcessUnderProgress(CoreProgressManager.java:659)
	at com.intellij.openapi.progress.impl.ProgressManagerImpl.executeProcessUnderProgress(ProgressManagerImpl.java:79)
	at com.intellij.openapi.progress.impl.CoreProgressManager.runProcess(CoreProgressManager.java:202)
	at com.intellij.openapi.progress.ProgressManager.runProcess(ProgressManager.java:100)
	at com.intellij.openapi.progress.CoroutinesKt.jobToIndicator(coroutines.kt:410)
	at com.intellij.openapi.progress.CoroutinesKt.contextToIndicator(coroutines.kt:402)
	at com.intellij.openapi.progress.CoroutinesKt.coroutineToIndicator(coroutines.kt:350)
	at git4idea.annotate.GitAnnotationService.annotateWithProvider(GitAnnotationService.kt:115)
	at git4idea.annotate.GitAnnotationService.annotateWithSingleProvider(GitAnnotationService.kt:58)
	at git4idea.annotate.GitAnnotationService.access$annotateWithSingleProvider(GitAnnotationService.kt:26)
	at git4idea.annotate.GitAnnotationService$annotate$1.invokeSuspend(GitAnnotationService.kt:44)
	at kotlin.coroutines.jvm.internal.BaseContinuationImpl.resumeWith(ContinuationImpl.kt:33)
	at kotlinx.coroutines.DispatchedTask.run(DispatchedTask.kt:108)
	at kotlinx.coroutines.EventLoopImplBase.processNextEvent(EventLoop.common.kt:280)
	at kotlinx.coroutines.BlockingCoroutine.joinBlocking(Builders.kt:85)
	at kotlinx.coroutines.BuildersKt__BuildersKt.runBlocking(Builders.kt:59)
	at kotlinx.coroutines.BuildersKt.runBlocking(Unknown Source)
	at com.intellij.openapi.progress.CoroutinesKt$runBlockingCancellable$1.invoke(coroutines.kt:132)
	at com.intellij.openapi.progress.CoroutinesKt$runBlockingCancellable$1.invoke(coroutines.kt:126)
	at com.intellij.openapi.progress.ContextKt.prepareIndicatorThreadContext$lambda$5(context.kt:107)
	at com.intellij.openapi.progress.impl.CoreProgressManager.silenceGlobalIndicator(CoreProgressManager.java:1022)
	at com.intellij.openapi.progress.ContextKt.prepareIndicatorThreadContext(context.kt:105)
	at com.intellij.openapi.progress.ContextKt.prepareThreadContext(context.kt:75)
	at com.intellij.openapi.progress.CoroutinesKt.runBlockingCancellable(coroutines.kt:126)
	at com.intellij.openapi.progress.CoroutinesKt.runBlockingCancellable(coroutines.kt:121)
	at git4idea.annotate.GitAnnotationService.annotate(GitAnnotationService.kt:38)
	at git4idea.annotate.GitAnnotationProvider.doAnnotate(GitAnnotationProvider.java:206)
	at git4idea.annotate.GitAnnotationProvider.annotate(GitAnnotationProvider.java:144)
	at git4idea.annotate.GitAnnotationProvider.lambda$annotate$0(GitAnnotationProvider.java:99)
	at git4idea.annotate.GitAnnotationProvider.logTime(GitAnnotationProvider.java:569)
	at git4idea.annotate.GitAnnotationProvider.annotate(GitAnnotationProvider.java:92)
	at git4idea.annotate.GitAnnotationProvider.annotate(GitAnnotationProvider.java:87)
	at com.jetbrains.rider.codeVision.vcs.VcsEditorAnnotationsCacheService.getAnnotationsForEditor(VcsEditorAnnotationsCacheService.kt:68)
	at com.jetbrains.rider.codeVision.vcs.VcsAuthorCodeVisionProvider.computeForEditor(VcsAuthorCodeVisionProvider.kt:105)
	at com.jetbrains.rider.codeVision.vcs.VcsAuthorCodeVisionProvider.computeForEditor(VcsAuthorCodeVisionProvider.kt:35)
	at com.intellij.codeInsight.codeVision.CodeVisionProvider.computeCodeVision(CodeVisionProvider.kt:68)
	at com.intellij.codeInsight.codeVision.CodeVisionHost$calculateFrontendLenses$2.invoke(CodeVisionHost.kt:453)
	at com.intellij.codeInsight.codeVision.CodeVisionHost$calculateFrontendLenses$2.invoke(CodeVisionHost.kt:423)
	at com.intellij.codeInsight.codeVision.CodeVisionHost.executeOnPooledThread$lambda$11$lambda$10(CodeVisionHost.kt:495)
	at com.intellij.openapi.progress.impl.CoreProgressManager.lambda$runProcess$2(CoreProgressManager.java:217)
	at com.intellij.openapi.progress.impl.CoreProgressManager.lambda$executeProcessUnderProgress$13(CoreProgressManager.java:660)
	at com.intellij.openapi.progress.impl.CoreProgressManager.registerIndicatorAndRun(CoreProgressManager.java:735)
	at com.intellij.openapi.progress.impl.CoreProgressManager.computeUnderProgress(CoreProgressManager.java:691)
	at com.intellij.openapi.progress.impl.CoreProgressManager.executeProcessUnderProgress(CoreProgressManager.java:659)
	at com.intellij.openapi.progress.impl.ProgressManagerImpl.executeProcessUnderProgress(ProgressManagerImpl.java:79)
	at com.intellij.openapi.progress.impl.CoreProgressManager.runProcess(CoreProgressManager.java:202)
	at com.intellij.codeInsight.codeVision.CodeVisionHost.executeOnPooledThread$lambda$11(CodeVisionHost.kt:495)
	at java.base/java.util.concurrent.CompletableFuture$AsyncRun.run(CompletableFuture.java:1804)
	at com.intellij.util.concurrency.ContextRunnable.run(ContextRunnable.java:27)
	at java.base/java.util.concurrent.ThreadPoolExecutor.runWorker(ThreadPoolExecutor.java:1136)
	at java.base/java.util.concurrent.ThreadPoolExecutor$Worker.run(ThreadPoolExecutor.java:635)
	at java.base/java.util.concurrent.Executors$PrivilegedThreadFactory$1$1.run(Executors.java:702)
	at java.base/java.util.concurrent.Executors$PrivilegedThreadFactory$1$1.run(Executors.java:699)
	at java.base/java.security.AccessController.doPrivileged(AccessController.java:399)
	at java.base/java.util.concurrent.Executors$PrivilegedThreadFactory$1.run(Executors.java:699)
	at java.base/java.lang.Thread.run(Thread.java:840)
2024-04-12 16:40:35,455 [2116373]   WARN - #c.j.r.p.RdConstants - An attempt to use null ClientId context value for per context entity. Returning 'localId.value'. Enable Trace category to investigate stack traces
2024-04-12 16:40:35,455 [2116373]   WARN - #c.j.r.p.RdConstants - An attempt to use null ClientId context value for per context entity. Returning 'localId.value'. Enable Trace category to investigate stack traces
2024-04-12 16:40:41,618 [2122536]   WARN - #c.j.r.e.RiderTextControlHost - file null doesn't exist
2024-04-12 16:43:32,334 [2293252]   WARN - #c.j.r.d.FrontendMarkupContributor - Received unrepairable update for highlighter. Model: {id=50; attributeId=Sticky Line Highlighting; (227, 498)}
2024-04-12 16:43:32,335 [2293253]   WARN - #c.j.r.d.FrontendMarkupContributor - Received unrepairable update for highlighter. Model: {id=51; attributeId=Sticky Line Highlighting; (316, 496)}
2024-04-12 16:43:32,335 [2293253]   WARN - #c.j.r.d.FrontendMarkupContributor - Received unrepairable update for highlighter. Model: {id=52; attributeId=ReSharper Indent Guide; (373, 496)}
2024-04-12 16:44:35,039 [2355957]   WARN - #c.j.r.d.FrontendMarkupContributor - Received unrepairable update for highlighter. Model: {id=50; attributeId=Sticky Line Highlighting; (227, 584)}
2024-04-12 16:44:35,039 [2355957]   WARN - #c.j.r.d.FrontendMarkupContributor - Received unrepairable update for highlighter. Model: {id=51; attributeId=Sticky Line Highlighting; (316, 582)}
2024-04-12 16:44:35,039 [2355957]   WARN - #c.j.r.d.FrontendMarkupContributor - Received unrepairable update for highlighter. Model: {id=52; attributeId=ReSharper Indent Guide; (373, 582)}
2024-04-12 16:46:38,103 [2479021]   WARN - #c.j.r.e.RiderTextControlHost - file null doesn't exist
2024-04-12 16:46:44,792 [2485710]   WARN - #c.j.r.e.RiderTextControlHost - file null doesn't exist
2024-04-12 16:47:00,068 [2500986]   WARN - #c.j.r.p.RdConstants - An attempt to use null ClientId context value for per context entity. Returning 'localId.value'. Enable Trace category to investigate stack traces
2024-04-12 16:47:00,068 [2500986]   WARN - #c.j.r.p.RdConstants - An attempt to use null ClientId context value for per context entity. Returning 'localId.value'. Enable Trace category to investigate stack traces
2024-04-12 16:47:21,886 [2522804]   WARN - #c.j.r.d.FrontendMarkupContributor - Received unrepairable update for highlighter. Model: {id=70; attributeId=Sticky Line Highlighting; (227, 430)}
2024-04-12 16:47:21,886 [2522804]   WARN - #c.j.r.d.FrontendMarkupContributor - Received unrepairable update for highlighter. Model: {id=71; attributeId=Sticky Line Highlighting; (314, 428)}
2024-04-12 16:47:21,886 [2522804]   WARN - #c.j.r.d.FrontendMarkupContributor - Received unrepairable update for highlighter. Model: {id=73; attributeId=ReSharper Indent Guide; (370, 428)}
2024-04-12 16:49:13,686 [2634604]   WARN - #c.j.r.e.RiderTextControlHost - file null doesn't exist
2024-04-12 16:49:17,970 [2638888]   WARN - #c.j.r.e.RiderTextControlHost - file null doesn't exist
2024-04-12 16:49:19,434 [2640352]   WARN - #c.j.r.e.RiderTextControlHost - file null doesn't exist
2024-04-12 16:49:41,688 [2662606]   WARN - #c.j.r.e.RiderTextControlHost - file null doesn't exist
2024-04-12 16:49:42,158 [2663076]   WARN - #git4idea.annotate.GitAnnotationProvider - Computing annotations for implicitly passed HEAD revision
2024-04-12 16:49:42,163 [2663081]   WARN - #c.j.r.c.v.VcsEditorAnnotationsCacheService - Can't get annotations from VCS
com.intellij.openapi.vcs.VcsException: fatal: no such path Phoenix/Phoenix.Infrastructure/RelationshipEntitiesConfiguration/FuncionarioAtividadeConfiguration.cs in HEAD

	at git4idea.commands.GitBinaryHandler$1.processTerminated(GitBinaryHandler.java:143)
	at jdk.internal.reflect.GeneratedMethodAccessor108.invoke(Unknown Source)
	at java.base/jdk.internal.reflect.DelegatingMethodAccessorImpl.invoke(DelegatingMethodAccessorImpl.java:43)
	at java.base/java.lang.reflect.Method.invoke(Method.java:568)
	at com.intellij.util.EventDispatcher.dispatchVoidMethod(EventDispatcher.java:119)
	at com.intellij.util.EventDispatcher.lambda$createMulticaster$1(EventDispatcher.java:84)
	at jdk.proxy2/jdk.proxy2.$Proxy119.processTerminated(Unknown Source)
	at git4idea.commands.GitBinaryHandler.waitForProcess(GitBinaryHandler.java:108)
	at git4idea.commands.GitHandler.runInCurrentThread(GitHandler.java:415)
	at git4idea.commands.GitBinaryHandler.run(GitBinaryHandler.java:165)
	at git4idea.annotate.GitAnnotationProvider$DefaultGitAnnotationProvider.annotate(GitAnnotationProvider.java:254)
	at git4idea.annotate.GitAnnotationService$annotateWithProvider$2$1$1.invoke(GitAnnotationService.kt:115)
	at git4idea.annotate.GitAnnotationService$annotateWithProvider$2$1$1.invoke(GitAnnotationService.kt:115)
	at com.intellij.openapi.progress.CoroutinesKt.jobToIndicator$lambda$2(coroutines.kt:422)
	at com.intellij.openapi.progress.ProgressManager.lambda$runProcess$0(ProgressManager.java:100)
	at com.intellij.openapi.progress.impl.CoreProgressManager.lambda$runProcess$2(CoreProgressManager.java:217)
	at com.intellij.openapi.progress.impl.CoreProgressManager.lambda$executeProcessUnderProgress$13(CoreProgressManager.java:660)
	at com.intellij.openapi.progress.impl.CoreProgressManager.registerIndicatorAndRun(CoreProgressManager.java:735)
	at com.intellij.openapi.progress.impl.CoreProgressManager.computeUnderProgress(CoreProgressManager.java:691)
	at com.intellij.openapi.progress.impl.CoreProgressManager.executeProcessUnderProgress(CoreProgressManager.java:659)
	at com.intellij.openapi.progress.impl.ProgressManagerImpl.executeProcessUnderProgress(ProgressManagerImpl.java:79)
	at com.intellij.openapi.progress.impl.CoreProgressManager.runProcess(CoreProgressManager.java:202)
	at com.intellij.openapi.progress.ProgressManager.runProcess(ProgressManager.java:100)
	at com.intellij.openapi.progress.CoroutinesKt.jobToIndicator(coroutines.kt:410)
	at com.intellij.openapi.progress.CoroutinesKt.contextToIndicator(coroutines.kt:402)
	at com.intellij.openapi.progress.CoroutinesKt.coroutineToIndicator(coroutines.kt:350)
	at git4idea.annotate.GitAnnotationService.annotateWithProvider(GitAnnotationService.kt:115)
	at git4idea.annotate.GitAnnotationService.annotateWithSingleProvider(GitAnnotationService.kt:58)
	at git4idea.annotate.GitAnnotationService.access$annotateWithSingleProvider(GitAnnotationService.kt:26)
	at git4idea.annotate.GitAnnotationService$annotate$1.invokeSuspend(GitAnnotationService.kt:44)
	at kotlin.coroutines.jvm.internal.BaseContinuationImpl.resumeWith(ContinuationImpl.kt:33)
	at kotlinx.coroutines.DispatchedTask.run(DispatchedTask.kt:108)
	at kotlinx.coroutines.EventLoopImplBase.processNextEvent(EventLoop.common.kt:280)
	at kotlinx.coroutines.BlockingCoroutine.joinBlocking(Builders.kt:85)
	at kotlinx.coroutines.BuildersKt__BuildersKt.runBlocking(Builders.kt:59)
	at kotlinx.coroutines.BuildersKt.runBlocking(Unknown Source)
	at com.intellij.openapi.progress.CoroutinesKt$runBlockingCancellable$1.invoke(coroutines.kt:132)
	at com.intellij.openapi.progress.CoroutinesKt$runBlockingCancellable$1.invoke(coroutines.kt:126)
	at com.intellij.openapi.progress.ContextKt.prepareIndicatorThreadContext$lambda$5(context.kt:107)
	at com.intellij.openapi.progress.impl.CoreProgressManager.silenceGlobalIndicator(CoreProgressManager.java:1022)
	at com.intellij.openapi.progress.ContextKt.prepareIndicatorThreadContext(context.kt:105)
	at com.intellij.openapi.progress.ContextKt.prepareThreadContext(context.kt:75)
	at com.intellij.openapi.progress.CoroutinesKt.runBlockingCancellable(coroutines.kt:126)
	at com.intellij.openapi.progress.CoroutinesKt.runBlockingCancellable(coroutines.kt:121)
	at git4idea.annotate.GitAnnotationService.annotate(GitAnnotationService.kt:38)
	at git4idea.annotate.GitAnnotationProvider.doAnnotate(GitAnnotationProvider.java:206)
	at git4idea.annotate.GitAnnotationProvider.annotate(GitAnnotationProvider.java:144)
	at git4idea.annotate.GitAnnotationProvider.lambda$annotate$0(GitAnnotationProvider.java:99)
	at git4idea.annotate.GitAnnotationProvider.logTime(GitAnnotationProvider.java:569)
	at git4idea.annotate.GitAnnotationProvider.annotate(GitAnnotationProvider.java:92)
	at git4idea.annotate.GitAnnotationProvider.annotate(GitAnnotationProvider.java:87)
	at com.jetbrains.rider.codeVision.vcs.VcsEditorAnnotationsCacheService.getAnnotationsForEditor(VcsEditorAnnotationsCacheService.kt:68)
	at com.jetbrains.rider.codeVision.vcs.VcsAuthorCodeVisionProvider.computeForEditor(VcsAuthorCodeVisionProvider.kt:105)
	at com.jetbrains.rider.codeVision.vcs.VcsAuthorCodeVisionProvider.computeForEditor(VcsAuthorCodeVisionProvider.kt:35)
	at com.intellij.codeInsight.codeVision.CodeVisionProvider.computeCodeVision(CodeVisionProvider.kt:68)
	at com.intellij.codeInsight.codeVision.CodeVisionHost$calculateFrontendLenses$2.invoke(CodeVisionHost.kt:453)
	at com.intellij.codeInsight.codeVision.CodeVisionHost$calculateFrontendLenses$2.invoke(CodeVisionHost.kt:423)
	at com.intellij.codeInsight.codeVision.CodeVisionHost.executeOnPooledThread$lambda$11$lambda$10(CodeVisionHost.kt:495)
	at com.intellij.openapi.progress.impl.CoreProgressManager.lambda$runProcess$2(CoreProgressManager.java:217)
	at com.intellij.openapi.progress.impl.CoreProgressManager.lambda$executeProcessUnderProgress$13(CoreProgressManager.java:660)
	at com.intellij.openapi.progress.impl.CoreProgressManager.registerIndicatorAndRun(CoreProgressManager.java:735)
	at com.intellij.openapi.progress.impl.CoreProgressManager.computeUnderProgress(CoreProgressManager.java:691)
	at com.intellij.openapi.progress.impl.CoreProgressManager.executeProcessUnderProgress(CoreProgressManager.java:659)
	at com.intellij.openapi.progress.impl.ProgressManagerImpl.executeProcessUnderProgress(ProgressManagerImpl.java:79)
	at com.intellij.openapi.progress.impl.CoreProgressManager.runProcess(CoreProgressManager.java:202)
	at com.intellij.codeInsight.codeVision.CodeVisionHost.executeOnPooledThread$lambda$11(CodeVisionHost.kt:495)
	at java.base/java.util.concurrent.CompletableFuture$AsyncRun.run(CompletableFuture.java:1804)
	at com.intellij.util.concurrency.ContextRunnable.run(ContextRunnable.java:27)
	at java.base/java.util.concurrent.ThreadPoolExecutor.runWorker(ThreadPoolExecutor.java:1136)
	at java.base/java.util.concurrent.ThreadPoolExecutor$Worker.run(ThreadPoolExecutor.java:635)
	at java.base/java.util.concurrent.Executors$PrivilegedThreadFactory$1$1.run(Executors.java:702)
	at java.base/java.util.concurrent.Executors$PrivilegedThreadFactory$1$1.run(Executors.java:699)
	at java.base/java.security.AccessController.doPrivileged(AccessController.java:399)
	at java.base/java.util.concurrent.Executors$PrivilegedThreadFactory$1.run(Executors.java:699)
	at java.base/java.lang.Thread.run(Thread.java:840)
2024-04-12 16:49:55,891 [2676809]   WARN - #c.j.r.e.RiderTextControlHost - file null doesn't exist
2024-04-12 16:50:11,887 [2692805]   WARN - #c.j.r.p.RdConstants - An attempt to use null ClientId context value for per context entity. Returning 'localId.value'. Enable Trace category to investigate stack traces
2024-04-12 16:50:11,887 [2692805]   WARN - #c.j.r.p.RdConstants - An attempt to use null ClientId context value for per context entity. Returning 'localId.value'. Enable Trace category to investigate stack traces
2024-04-12 16:51:48,714 [2789632]   WARN - #c.j.r.d.FrontendMarkupContributor - Received unrepairable update for highlighter. Model: {id=49; attributeId=Sticky Line Highlighting; (227, 438)}
2024-04-12 16:51:48,714 [2789632]   WARN - #c.j.r.d.FrontendMarkupContributor - Received unrepairable update for highlighter. Model: {id=50; attributeId=Sticky Line Highlighting; (328, 436)}
2024-04-12 16:51:48,714 [2789632]   WARN - #c.j.r.d.FrontendMarkupContributor - Received unrepairable update for highlighter. Model: {id=48; attributeId=ReSharper Indent Guide; (391, 436)}
2024-04-12 16:53:47,444 [2908362]   WARN - #c.j.r.e.RiderTextControlHost - file null doesn't exist
2024-04-12 16:54:07,192 [2928110]   WARN - #c.j.r.d.FrontendMarkupContributor - Received unrepairable update for highlighter. Model: {id=9; attributeId=Sticky Line Highlighting; (222, 679)}
2024-04-12 16:54:07,192 [2928110]   WARN - #c.j.r.d.FrontendMarkupContributor - Received unrepairable update for highlighter. Model: {id=11; attributeId=ReSharper Indent Guide; (241, 679)}
2024-04-12 16:54:27,539 [2948457]   WARN - #c.j.r.d.FrontendMarkupContributor - Received unrepairable update for highlighter. Model: {id=214; attributeId=Sticky Line Highlighting; (222, 764)}
2024-04-12 16:54:27,539 [2948457]   WARN - #c.j.r.d.FrontendMarkupContributor - Received unrepairable update for highlighter. Model: {id=215; attributeId=Sticky Line Highlighting; (539, 758)}
2024-04-12 16:54:27,539 [2948457]   WARN - #c.j.r.d.FrontendMarkupContributor - Received unrepairable update for highlighter. Model: {id=11; attributeId=ReSharper Indent Guide; (241, 764)}
2024-04-12 16:54:27,539 [2948457]   WARN - #c.j.r.d.FrontendMarkupContributor - Received unrepairable update for highlighter. Model: {id=12; attributeId=ReSharper Indent Guide; (582, 758)}
2024-04-12 16:55:42,379 [3023297]   WARN - #c.j.r.d.FrontendMarkupContributor - Received unrepairable update for highlighter. Model: {id=49; attributeId=Sticky Line Highlighting; (227, 647)}
2024-04-12 16:55:42,379 [3023297]   WARN - #c.j.r.d.FrontendMarkupContributor - Received unrepairable update for highlighter. Model: {id=50; attributeId=Sticky Line Highlighting; (328, 645)}
2024-04-12 16:55:42,379 [3023297]   WARN - #c.j.r.d.FrontendMarkupContributor - Received unrepairable update for highlighter. Model: {id=48; attributeId=ReSharper Indent Guide; (391, 645)}
2024-04-12 16:56:45,087 [3086005]   WARN - #c.j.r.e.RiderTextControlHost - file null doesn't exist
2024-04-12 16:56:45,465 [3086383]   WARN - #git4idea.annotate.GitAnnotationProvider - Computing annotations for implicitly passed HEAD revision
2024-04-12 16:56:45,469 [3086387]   WARN - #c.j.r.c.v.VcsEditorAnnotationsCacheService - Can't get annotations from VCS
com.intellij.openapi.vcs.VcsException: fatal: no such path Phoenix/Phoenix.Infrastructure/RelationshipEntitiesConfiguration/FuncionarioCargoConfiguration.cs in HEAD

	at git4idea.commands.GitBinaryHandler$1.processTerminated(GitBinaryHandler.java:143)
	at jdk.internal.reflect.GeneratedMethodAccessor108.invoke(Unknown Source)
	at java.base/jdk.internal.reflect.DelegatingMethodAccessorImpl.invoke(DelegatingMethodAccessorImpl.java:43)
	at java.base/java.lang.reflect.Method.invoke(Method.java:568)
	at com.intellij.util.EventDispatcher.dispatchVoidMethod(EventDispatcher.java:119)
	at com.intellij.util.EventDispatcher.lambda$createMulticaster$1(EventDispatcher.java:84)
	at jdk.proxy2/jdk.proxy2.$Proxy119.processTerminated(Unknown Source)
	at git4idea.commands.GitBinaryHandler.waitForProcess(GitBinaryHandler.java:108)
	at git4idea.commands.GitHandler.runInCurrentThread(GitHandler.java:415)
	at git4idea.commands.GitBinaryHandler.run(GitBinaryHandler.java:165)
	at git4idea.annotate.GitAnnotationProvider$DefaultGitAnnotationProvider.annotate(GitAnnotationProvider.java:254)
	at git4idea.annotate.GitAnnotationService$annotateWithProvider$2$1$1.invoke(GitAnnotationService.kt:115)
	at git4idea.annotate.GitAnnotationService$annotateWithProvider$2$1$1.invoke(GitAnnotationService.kt:115)
	at com.intellij.openapi.progress.CoroutinesKt.jobToIndicator$lambda$2(coroutines.kt:422)
	at com.intellij.openapi.progress.ProgressManager.lambda$runProcess$0(ProgressManager.java:100)
	at com.intellij.openapi.progress.impl.CoreProgressManager.lambda$runProcess$2(CoreProgressManager.java:217)
	at com.intellij.openapi.progress.impl.CoreProgressManager.lambda$executeProcessUnderProgress$13(CoreProgressManager.java:660)
	at com.intellij.openapi.progress.impl.CoreProgressManager.registerIndicatorAndRun(CoreProgressManager.java:735)
	at com.intellij.openapi.progress.impl.CoreProgressManager.computeUnderProgress(CoreProgressManager.java:691)
	at com.intellij.openapi.progress.impl.CoreProgressManager.executeProcessUnderProgress(CoreProgressManager.java:659)
	at com.intellij.openapi.progress.impl.ProgressManagerImpl.executeProcessUnderProgress(ProgressManagerImpl.java:79)
	at com.intellij.openapi.progress.impl.CoreProgressManager.runProcess(CoreProgressManager.java:202)
	at com.intellij.openapi.progress.ProgressManager.runProcess(ProgressManager.java:100)
	at com.intellij.openapi.progress.CoroutinesKt.jobToIndicator(coroutines.kt:410)
	at com.intellij.openapi.progress.CoroutinesKt.contextToIndicator(coroutines.kt:402)
	at com.intellij.openapi.progress.CoroutinesKt.coroutineToIndicator(coroutines.kt:350)
	at git4idea.annotate.GitAnnotationService.annotateWithProvider(GitAnnotationService.kt:115)
	at git4idea.annotate.GitAnnotationService.annotateWithSingleProvider(GitAnnotationService.kt:58)
	at git4idea.annotate.GitAnnotationService.access$annotateWithSingleProvider(GitAnnotationService.kt:26)
	at git4idea.annotate.GitAnnotationService$annotate$1.invokeSuspend(GitAnnotationService.kt:44)
	at kotlin.coroutines.jvm.internal.BaseContinuationImpl.resumeWith(ContinuationImpl.kt:33)
	at kotlinx.coroutines.DispatchedTask.run(DispatchedTask.kt:108)
	at kotlinx.coroutines.EventLoopImplBase.processNextEvent(EventLoop.common.kt:280)
	at kotlinx.coroutines.BlockingCoroutine.joinBlocking(Builders.kt:85)
	at kotlinx.coroutines.BuildersKt__BuildersKt.runBlocking(Builders.kt:59)
	at kotlinx.coroutines.BuildersKt.runBlocking(Unknown Source)
	at com.intellij.openapi.progress.CoroutinesKt$runBlockingCancellable$1.invoke(coroutines.kt:132)
	at com.intellij.openapi.progress.CoroutinesKt$runBlockingCancellable$1.invoke(coroutines.kt:126)
	at com.intellij.openapi.progress.ContextKt.prepareIndicatorThreadContext$lambda$5(context.kt:107)
	at com.intellij.openapi.progress.impl.CoreProgressManager.silenceGlobalIndicator(CoreProgressManager.java:1022)
	at com.intellij.openapi.progress.ContextKt.prepareIndicatorThreadContext(context.kt:105)
	at com.intellij.openapi.progress.ContextKt.prepareThreadContext(context.kt:75)
	at com.intellij.openapi.progress.CoroutinesKt.runBlockingCancellable(coroutines.kt:126)
	at com.intellij.openapi.progress.CoroutinesKt.runBlockingCancellable(coroutines.kt:121)
	at git4idea.annotate.GitAnnotationService.annotate(GitAnnotationService.kt:38)
	at git4idea.annotate.GitAnnotationProvider.doAnnotate(GitAnnotationProvider.java:206)
	at git4idea.annotate.GitAnnotationProvider.annotate(GitAnnotationProvider.java:144)
	at git4idea.annotate.GitAnnotationProvider.lambda$annotate$0(GitAnnotationProvider.java:99)
	at git4idea.annotate.GitAnnotationProvider.logTime(GitAnnotationProvider.java:569)
	at git4idea.annotate.GitAnnotationProvider.annotate(GitAnnotationProvider.java:92)
	at git4idea.annotate.GitAnnotationProvider.annotate(GitAnnotationProvider.java:87)
	at com.jetbrains.rider.codeVision.vcs.VcsEditorAnnotationsCacheService.getAnnotationsForEditor(VcsEditorAnnotationsCacheService.kt:68)
	at com.jetbrains.rider.codeVision.vcs.VcsAuthorCodeVisionProvider.computeForEditor(VcsAuthorCodeVisionProvider.kt:105)
	at com.jetbrains.rider.codeVision.vcs.VcsAuthorCodeVisionProvider.computeForEditor(VcsAuthorCodeVisionProvider.kt:35)
	at com.intellij.codeInsight.codeVision.CodeVisionProvider.computeCodeVision(CodeVisionProvider.kt:68)
	at com.intellij.codeInsight.codeVision.CodeVisionHost$calculateFrontendLenses$2.invoke(CodeVisionHost.kt:453)
	at com.intellij.codeInsight.codeVision.CodeVisionHost$calculateFrontendLenses$2.invoke(CodeVisionHost.kt:423)
	at com.intellij.codeInsight.codeVision.CodeVisionHost.executeOnPooledThread$lambda$11$lambda$10(CodeVisionHost.kt:495)
	at com.intellij.openapi.progress.impl.CoreProgressManager.lambda$runProcess$2(CoreProgressManager.java:217)
	at com.intellij.openapi.progress.impl.CoreProgressManager.lambda$executeProcessUnderProgress$13(CoreProgressManager.java:660)
	at com.intellij.openapi.progress.impl.CoreProgressManager.registerIndicatorAndRun(CoreProgressManager.java:735)
	at com.intellij.openapi.progress.impl.CoreProgressManager.computeUnderProgress(CoreProgressManager.java:691)
	at com.intellij.openapi.progress.impl.CoreProgressManager.executeProcessUnderProgress(CoreProgressManager.java:659)
	at com.intellij.openapi.progress.impl.ProgressManagerImpl.executeProcessUnderProgress(ProgressManagerImpl.java:79)
	at com.intellij.openapi.progress.impl.CoreProgressManager.runProcess(CoreProgressManager.java:202)
	at com.intellij.codeInsight.codeVision.CodeVisionHost.executeOnPooledThread$lambda$11(CodeVisionHost.kt:495)
	at java.base/java.util.concurrent.CompletableFuture$AsyncRun.run(CompletableFuture.java:1804)
	at com.intellij.util.concurrency.ContextRunnable.run(ContextRunnable.java:27)
	at java.base/java.util.concurrent.ThreadPoolExecutor.runWorker(ThreadPoolExecutor.java:1136)
	at java.base/java.util.concurrent.ThreadPoolExecutor$Worker.run(ThreadPoolExecutor.java:635)
	at java.base/java.util.concurrent.Executors$PrivilegedThreadFactory$1$1.run(Executors.java:702)
	at java.base/java.util.concurrent.Executors$PrivilegedThreadFactory$1$1.run(Executors.java:699)
	at java.base/java.security.AccessController.doPrivileged(AccessController.java:399)
	at java.base/java.util.concurrent.Executors$PrivilegedThreadFactory$1.run(Executors.java:699)
	at java.base/java.lang.Thread.run(Thread.java:840)
2024-04-12 16:58:34,230 [3195148]   WARN - #c.j.r.p.RdConstants - An attempt to use null ClientId context value for per context entity. Returning 'localId.value'. Enable Trace category to investigate stack traces
2024-04-12 16:58:34,230 [3195148]   WARN - #c.j.r.p.RdConstants - An attempt to use null ClientId context value for per context entity. Returning 'localId.value'. Enable Trace category to investigate stack traces
2024-04-12 16:59:14,853 [3235771]   WARN - #c.j.r.d.FrontendMarkupContributor - Received unrepairable update for highlighter. Model: {id=69; attributeId=Sticky Line Highlighting; (227, 427)}
2024-04-12 16:59:14,854 [3235772]   WARN - #c.j.r.d.FrontendMarkupContributor - Received unrepairable update for highlighter. Model: {id=70; attributeId=Sticky Line Highlighting; (320, 425)}
2024-04-12 16:59:14,854 [3235772]   WARN - #c.j.r.d.FrontendMarkupContributor - Received unrepairable update for highlighter. Model: {id=71; attributeId=ReSharper Indent Guide; (379, 425)}
2024-04-12 16:59:23,375 [3244293]   WARN - #c.j.r.d.FrontendMarkupContributor - Received unrepairable update for highlighter. Model: {id=69; attributeId=Sticky Line Highlighting; (227, 462)}
2024-04-12 16:59:23,375 [3244293]   WARN - #c.j.r.d.FrontendMarkupContributor - Received unrepairable update for highlighter. Model: {id=70; attributeId=Sticky Line Highlighting; (320, 460)}
2024-04-12 16:59:23,375 [3244293]   WARN - #c.j.r.d.FrontendMarkupContributor - Received unrepairable update for highlighter. Model: {id=71; attributeId=ReSharper Indent Guide; (379, 460)}
2024-04-12 17:00:28,637 [3309555]   WARN - #c.j.r.d.FrontendMarkupContributor - Received unrepairable update for highlighter. Model: {id=69; attributeId=Sticky Line Highlighting; (227, 630)}
2024-04-12 17:00:28,637 [3309555]   WARN - #c.j.r.d.FrontendMarkupContributor - Received unrepairable update for highlighter. Model: {id=70; attributeId=Sticky Line Highlighting; (320, 628)}
2024-04-12 17:00:28,638 [3309556]   WARN - #c.j.r.d.FrontendMarkupContributor - Received unrepairable update for highlighter. Model: {id=71; attributeId=ReSharper Indent Guide; (379, 628)}
2024-04-12 17:00:55,923 [3336841]   WARN - #c.j.r.e.RiderTextControlHost - file null doesn't exist
2024-04-12 17:00:59,883 [3340801]   WARN - #c.j.r.e.RiderTextControlHost - file null doesn't exist
2024-04-12 17:01:15,252 [3356170]   WARN - #c.j.r.e.RiderTextControlHost - file null doesn't exist
2024-04-12 17:03:05,363 [3466281]   WARN - #c.j.r.e.RiderTextControlHost - file null doesn't exist
2024-04-12 17:03:15,279 [3476197]   WARN - #c.j.r.p.RdConstants - An attempt to use null ClientId context value for per context entity. Returning 'localId.value'. Enable Trace category to investigate stack traces
2024-04-12 17:03:15,279 [3476197]   WARN - #c.j.r.p.RdConstants - An attempt to use null ClientId context value for per context entity. Returning 'localId.value'. Enable Trace category to investigate stack traces
2024-04-12 17:03:40,441 [3501359]   WARN - #c.j.r.d.FrontendMarkupContributor - Received unrepairable update for highlighter. Model: {id=67; attributeId=ReSharper Indent Guide; (327, 360)}
2024-04-12 17:03:46,522 [3507440]   WARN - #c.j.r.d.FrontendMarkupContributor - Received unrepairable update for highlighter. Model: {id=65; attributeId=Sticky Line Highlighting; (175, 375)}
2024-04-12 17:03:46,522 [3507440]   WARN - #c.j.r.d.FrontendMarkupContributor - Received unrepairable update for highlighter. Model: {id=66; attributeId=Sticky Line Highlighting; (266, 373)}
2024-04-12 17:03:46,524 [3507442]   WARN - #c.j.r.d.FrontendMarkupContributor - Received unrepairable update for highlighter. Model: {id=67; attributeId=ReSharper Indent Guide; (327, 373)}
2024-04-12 17:04:08,104 [3529022]   WARN - #c.j.r.p.RdConstants - An attempt to use null ClientId context value for per context entity. Returning 'localId.value'. Enable Trace category to investigate stack traces
2024-04-12 17:04:08,104 [3529022]   WARN - #c.j.r.p.RdConstants - An attempt to use null ClientId context value for per context entity. Returning 'localId.value'. Enable Trace category to investigate stack traces
2024-04-12 17:05:25,011 [3605929]   WARN - #c.j.r.d.FrontendMarkupContributor - Received unrepairable update for highlighter. Model: {id=229; attributeId=Sticky Line Highlighting; (227, 556)}
2024-04-12 17:05:25,011 [3605929]   WARN - #c.j.r.d.FrontendMarkupContributor - Received unrepairable update for highlighter. Model: {id=230; attributeId=Sticky Line Highlighting; (312, 554)}
2024-04-12 17:05:25,011 [3605929]   WARN - #c.j.r.d.FrontendMarkupContributor - Received unrepairable update for highlighter. Model: {id=284; attributeId=ReSharper Indent Guide; (367, 554)}
2024-04-12 17:06:02,992 [3643910]   WARN - #c.j.r.e.RiderTextControlHost - file null doesn't exist
